{"C:\\Users\\catal\\Desktop\\Proyecto-tranship\\BACKEND\\src\\controllers\\shipmentsController.js": {"path":"C:\\Users\\catal\\Desktop\\Proyecto-tranship\\BACKEND\\src\\controllers\\shipmentsController.js","statementMap":{"0":{"start":{"line":13,"column":25},"end":{"line":22,"column":1}},"1":{"start":{"line":25,"column":2},"end":{"line":25,"column":72}},"2":{"start":{"line":31,"column":2},"end":{"line":31,"column":59}},"3":{"start":{"line":31,"column":47},"end":{"line":31,"column":59}},"4":{"start":{"line":33,"column":31},"end":{"line":33,"column":52}},"5":{"start":{"line":34,"column":13},"end":{"line":34,"column":17}},"6":{"start":{"line":35,"column":14},"end":{"line":35,"column":18}},"7":{"start":{"line":36,"column":12},"end":{"line":36,"column":16}},"8":{"start":{"line":38,"column":2},"end":{"line":52,"column":3}},"9":{"start":{"line":39,"column":4},"end":{"line":39,"column":50}},"10":{"start":{"line":40,"column":4},"end":{"line":40,"column":51}},"11":{"start":{"line":41,"column":4},"end":{"line":41,"column":49}},"12":{"start":{"line":42,"column":9},"end":{"line":52,"column":3}},"13":{"start":{"line":43,"column":4},"end":{"line":43,"column":50}},"14":{"start":{"line":44,"column":4},"end":{"line":44,"column":51}},"15":{"start":{"line":45,"column":4},"end":{"line":45,"column":49}},"16":{"start":{"line":46,"column":9},"end":{"line":52,"column":3}},"17":{"start":{"line":47,"column":4},"end":{"line":47,"column":57}},"18":{"start":{"line":48,"column":4},"end":{"line":48,"column":51}},"19":{"start":{"line":49,"column":4},"end":{"line":49,"column":49}},"20":{"start":{"line":51,"column":4},"end":{"line":51,"column":16}},"21":{"start":{"line":54,"column":15},"end":{"line":54,"column":45}},"22":{"start":{"line":55,"column":2},"end":{"line":55,"column":48}},"23":{"start":{"line":55,"column":36},"end":{"line":55,"column":48}},"24":{"start":{"line":57,"column":25},"end":{"line":57,"column":80}},"25":{"start":{"line":58,"column":27},"end":{"line":58,"column":53}},"26":{"start":{"line":60,"column":2},"end":{"line":63,"column":3}},"27":{"start":{"line":61,"column":4},"end":{"line":61,"column":66}},"28":{"start":{"line":62,"column":4},"end":{"line":62,"column":68}},"29":{"start":{"line":65,"column":2},"end":{"line":65,"column":52}},"30":{"start":{"line":69,"column":2},"end":{"line":71,"column":3}},"31":{"start":{"line":70,"column":4},"end":{"line":70,"column":34}},"32":{"start":{"line":73,"column":14},"end":{"line":73,"column":53}},"33":{"start":{"line":74,"column":16},"end":{"line":74,"column":73}},"34":{"start":{"line":74,"column":45},"end":{"line":74,"column":56}},"35":{"start":{"line":76,"column":2},"end":{"line":78,"column":3}},"36":{"start":{"line":77,"column":4},"end":{"line":77,"column":34}},"37":{"start":{"line":80,"column":2},"end":{"line":82,"column":3}},"38":{"start":{"line":81,"column":4},"end":{"line":81,"column":46}},"39":{"start":{"line":84,"column":2},"end":{"line":87,"column":4}},"40":{"start":{"line":93,"column":16},"end":{"line":93,"column":87}},"41":{"start":{"line":94,"column":16},"end":{"line":94,"column":33}},"42":{"start":{"line":95,"column":2},"end":{"line":95,"column":26}},"43":{"start":{"line":95,"column":14},"end":{"line":95,"column":26}},"44":{"start":{"line":97,"column":16},"end":{"line":97,"column":30}},"45":{"start":{"line":98,"column":16},"end":{"line":98,"column":51}},"46":{"start":{"line":99,"column":16},"end":{"line":99,"column":62}},"47":{"start":{"line":100,"column":2},"end":{"line":100,"column":42}},"48":{"start":{"line":109,"column":28},"end":{"line":109,"column":54}},"49":{"start":{"line":110,"column":19},"end":{"line":113,"column":20}},"50":{"start":{"line":112,"column":16},"end":{"line":112,"column":24}},"51":{"start":{"line":117,"column":21},"end":{"line":117,"column":63}},"52":{"start":{"line":117,"column":42},"end":{"line":117,"column":62}},"53":{"start":{"line":118,"column":16},"end":{"line":126,"column":3}},"54":{"start":{"line":128,"column":2},"end":{"line":142,"column":3}},"55":{"start":{"line":129,"column":21},"end":{"line":129,"column":42}},"56":{"start":{"line":130,"column":4},"end":{"line":141,"column":5}},"57":{"start":{"line":131,"column":32},"end":{"line":131,"column":62}},"58":{"start":{"line":132,"column":6},"end":{"line":140,"column":8}},"59":{"start":{"line":145,"column":21},"end":{"line":145,"column":63}},"60":{"start":{"line":145,"column":42},"end":{"line":145,"column":62}},"61":{"start":{"line":146,"column":22},"end":{"line":155,"column":3}},"62":{"start":{"line":157,"column":19},"end":{"line":157,"column":21}},"63":{"start":{"line":158,"column":23},"end":{"line":158,"column":27}},"64":{"start":{"line":159,"column":28},"end":{"line":159,"column":32}},"65":{"start":{"line":160,"column":19},"end":{"line":160,"column":23}},"66":{"start":{"line":163,"column":35},"end":{"line":167,"column":3}},"67":{"start":{"line":164,"column":4},"end":{"line":164,"column":56}},"68":{"start":{"line":164,"column":49},"end":{"line":164,"column":56}},"69":{"start":{"line":165,"column":4},"end":{"line":165,"column":68}},"70":{"start":{"line":166,"column":4},"end":{"line":166,"column":31}},"71":{"start":{"line":170,"column":30},"end":{"line":209,"column":3}},"72":{"start":{"line":171,"column":4},"end":{"line":171,"column":32}},"73":{"start":{"line":171,"column":25},"end":{"line":171,"column":32}},"74":{"start":{"line":172,"column":4},"end":{"line":175,"column":5}},"75":{"start":{"line":173,"column":6},"end":{"line":173,"column":46}},"76":{"start":{"line":174,"column":6},"end":{"line":174,"column":24}},"77":{"start":{"line":176,"column":4},"end":{"line":176,"column":31}},"78":{"start":{"line":180,"column":25},"end":{"line":185,"column":12}},"79":{"start":{"line":181,"column":6},"end":{"line":183,"column":7}},"80":{"start":{"line":182,"column":8},"end":{"line":182,"column":21}},"81":{"start":{"line":184,"column":6},"end":{"line":184,"column":18}},"82":{"start":{"line":187,"column":4},"end":{"line":194,"column":5}},"83":{"start":{"line":188,"column":6},"end":{"line":188,"column":74}},"84":{"start":{"line":189,"column":6},"end":{"line":189,"column":76}},"85":{"start":{"line":190,"column":6},"end":{"line":190,"column":74}},"86":{"start":{"line":191,"column":6},"end":{"line":191,"column":72}},"87":{"start":{"line":192,"column":6},"end":{"line":192,"column":79}},"88":{"start":{"line":193,"column":6},"end":{"line":193,"column":81}},"89":{"start":{"line":196,"column":4},"end":{"line":202,"column":6}},"90":{"start":{"line":204,"column":4},"end":{"line":204,"column":96}},"91":{"start":{"line":205,"column":4},"end":{"line":205,"column":96}},"92":{"start":{"line":207,"column":4},"end":{"line":207,"column":34}},"93":{"start":{"line":208,"column":4},"end":{"line":208,"column":26}},"94":{"start":{"line":212,"column":27},"end":{"line":289,"column":2}},"95":{"start":{"line":212,"column":34},"end":{"line":289,"column":1}},"96":{"start":{"line":291,"column":29},"end":{"line":308,"column":3}},"97":{"start":{"line":292,"column":20},"end":{"line":292,"column":83}},"98":{"start":{"line":292,"column":58},"end":{"line":292,"column":82}},"99":{"start":{"line":293,"column":4},"end":{"line":306,"column":5}},"100":{"start":{"line":294,"column":6},"end":{"line":304,"column":8}},"101":{"start":{"line":305,"column":6},"end":{"line":305,"column":48}},"102":{"start":{"line":307,"column":4},"end":{"line":307,"column":21}},"103":{"start":{"line":312,"column":2},"end":{"line":704,"column":5}},"104":{"start":{"line":313,"column":18},"end":{"line":313,"column":36}},"105":{"start":{"line":314,"column":24},"end":{"line":314,"column":32}},"106":{"start":{"line":316,"column":4},"end":{"line":324,"column":5}},"107":{"start":{"line":318,"column":6},"end":{"line":318,"column":28}},"108":{"start":{"line":319,"column":6},"end":{"line":319,"column":33}},"109":{"start":{"line":320,"column":6},"end":{"line":320,"column":44}},"110":{"start":{"line":321,"column":6},"end":{"line":321,"column":48}},"111":{"start":{"line":322,"column":6},"end":{"line":322,"column":65}},"112":{"start":{"line":323,"column":6},"end":{"line":323,"column":13}},"113":{"start":{"line":326,"column":4},"end":{"line":330,"column":5}},"114":{"start":{"line":328,"column":6},"end":{"line":328,"column":28}},"115":{"start":{"line":329,"column":6},"end":{"line":329,"column":13}},"116":{"start":{"line":332,"column":4},"end":{"line":334,"column":5}},"117":{"start":{"line":333,"column":6},"end":{"line":333,"column":13}},"118":{"start":{"line":336,"column":4},"end":{"line":698,"column":5}},"119":{"start":{"line":339,"column":8},"end":{"line":348,"column":9}},"120":{"start":{"line":340,"column":27},"end":{"line":340,"column":46}},"121":{"start":{"line":341,"column":28},"end":{"line":341,"column":39}},"122":{"start":{"line":342,"column":33},"end":{"line":342,"column":60}},"123":{"start":{"line":343,"column":10},"end":{"line":347,"column":11}},"124":{"start":{"line":344,"column":12},"end":{"line":344,"column":87}},"125":{"start":{"line":345,"column":17},"end":{"line":347,"column":11}},"126":{"start":{"line":346,"column":12},"end":{"line":346,"column":98}},"127":{"start":{"line":349,"column":8},"end":{"line":349,"column":14}},"128":{"start":{"line":354,"column":8},"end":{"line":356,"column":9}},"129":{"start":{"line":355,"column":10},"end":{"line":355,"column":51}},"130":{"start":{"line":357,"column":8},"end":{"line":357,"column":14}},"131":{"start":{"line":361,"column":8},"end":{"line":387,"column":9}},"132":{"start":{"line":362,"column":28},"end":{"line":362,"column":47}},"133":{"start":{"line":363,"column":28},"end":{"line":363,"column":40}},"134":{"start":{"line":364,"column":26},"end":{"line":364,"column":38}},"135":{"start":{"line":365,"column":29},"end":{"line":365,"column":50}},"136":{"start":{"line":366,"column":10},"end":{"line":386,"column":11}},"137":{"start":{"line":367,"column":12},"end":{"line":385,"column":13}},"138":{"start":{"line":369,"column":16},"end":{"line":369,"column":63}},"139":{"start":{"line":370,"column":16},"end":{"line":370,"column":22}},"140":{"start":{"line":372,"column":16},"end":{"line":372,"column":54}},"141":{"start":{"line":373,"column":16},"end":{"line":376,"column":17}},"142":{"start":{"line":374,"column":18},"end":{"line":374,"column":63}},"143":{"start":{"line":375,"column":18},"end":{"line":375,"column":69}},"144":{"start":{"line":377,"column":16},"end":{"line":377,"column":22}},"145":{"start":{"line":379,"column":16},"end":{"line":379,"column":54}},"146":{"start":{"line":380,"column":16},"end":{"line":383,"column":17}},"147":{"start":{"line":381,"column":18},"end":{"line":381,"column":65}},"148":{"start":{"line":382,"column":18},"end":{"line":382,"column":71}},"149":{"start":{"line":384,"column":16},"end":{"line":384,"column":22}},"150":{"start":{"line":388,"column":8},"end":{"line":388,"column":14}},"151":{"start":{"line":393,"column":8},"end":{"line":439,"column":9}},"152":{"start":{"line":394,"column":28},"end":{"line":394,"column":36}},"153":{"start":{"line":395,"column":31},"end":{"line":395,"column":55}},"154":{"start":{"line":396,"column":33},"end":{"line":396,"column":65}},"155":{"start":{"line":397,"column":10},"end":{"line":435,"column":11}},"156":{"start":{"line":399,"column":14},"end":{"line":399,"column":68}},"157":{"start":{"line":400,"column":14},"end":{"line":400,"column":20}},"158":{"start":{"line":402,"column":14},"end":{"line":402,"column":63}},"159":{"start":{"line":403,"column":14},"end":{"line":403,"column":20}},"160":{"start":{"line":405,"column":14},"end":{"line":405,"column":70}},"161":{"start":{"line":406,"column":14},"end":{"line":409,"column":15}},"162":{"start":{"line":407,"column":16},"end":{"line":407,"column":95}},"163":{"start":{"line":408,"column":16},"end":{"line":408,"column":106}},"164":{"start":{"line":410,"column":14},"end":{"line":410,"column":20}},"165":{"start":{"line":412,"column":14},"end":{"line":412,"column":72}},"166":{"start":{"line":413,"column":14},"end":{"line":416,"column":15}},"167":{"start":{"line":414,"column":16},"end":{"line":414,"column":93}},"168":{"start":{"line":415,"column":16},"end":{"line":415,"column":104}},"169":{"start":{"line":417,"column":14},"end":{"line":417,"column":20}},"170":{"start":{"line":419,"column":14},"end":{"line":419,"column":74}},"171":{"start":{"line":420,"column":14},"end":{"line":420,"column":20}},"172":{"start":{"line":422,"column":14},"end":{"line":422,"column":72}},"173":{"start":{"line":423,"column":14},"end":{"line":426,"column":15}},"174":{"start":{"line":424,"column":16},"end":{"line":424,"column":93}},"175":{"start":{"line":425,"column":16},"end":{"line":425,"column":104}},"176":{"start":{"line":427,"column":14},"end":{"line":427,"column":20}},"177":{"start":{"line":429,"column":14},"end":{"line":429,"column":70}},"178":{"start":{"line":430,"column":14},"end":{"line":433,"column":15}},"179":{"start":{"line":431,"column":16},"end":{"line":431,"column":95}},"180":{"start":{"line":432,"column":16},"end":{"line":432,"column":106}},"181":{"start":{"line":434,"column":14},"end":{"line":434,"column":20}},"182":{"start":{"line":436,"column":10},"end":{"line":438,"column":11}},"183":{"start":{"line":437,"column":12},"end":{"line":437,"column":74}},"184":{"start":{"line":440,"column":8},"end":{"line":440,"column":14}},"185":{"start":{"line":444,"column":8},"end":{"line":458,"column":9}},"186":{"start":{"line":445,"column":28},"end":{"line":445,"column":36}},"187":{"start":{"line":446,"column":23},"end":{"line":446,"column":92}},"188":{"start":{"line":447,"column":10},"end":{"line":457,"column":11}},"189":{"start":{"line":449,"column":14},"end":{"line":449,"column":54}},"190":{"start":{"line":450,"column":14},"end":{"line":450,"column":20}},"191":{"start":{"line":452,"column":14},"end":{"line":452,"column":52}},"192":{"start":{"line":453,"column":14},"end":{"line":453,"column":20}},"193":{"start":{"line":455,"column":14},"end":{"line":455,"column":51}},"194":{"start":{"line":456,"column":14},"end":{"line":456,"column":20}},"195":{"start":{"line":459,"column":8},"end":{"line":459,"column":14}},"196":{"start":{"line":463,"column":8},"end":{"line":465,"column":9}},"197":{"start":{"line":464,"column":10},"end":{"line":464,"column":66}},"198":{"start":{"line":466,"column":8},"end":{"line":468,"column":9}},"199":{"start":{"line":467,"column":10},"end":{"line":467,"column":68}},"200":{"start":{"line":469,"column":8},"end":{"line":469,"column":14}},"201":{"start":{"line":473,"column":8},"end":{"line":475,"column":9}},"202":{"start":{"line":474,"column":10},"end":{"line":474,"column":97}},"203":{"start":{"line":476,"column":8},"end":{"line":476,"column":14}},"204":{"start":{"line":480,"column":8},"end":{"line":483,"column":9}},"205":{"start":{"line":481,"column":26},"end":{"line":481,"column":45}},"206":{"start":{"line":482,"column":10},"end":{"line":482,"column":82}},"207":{"start":{"line":484,"column":8},"end":{"line":484,"column":14}},"208":{"start":{"line":488,"column":8},"end":{"line":490,"column":9}},"209":{"start":{"line":489,"column":10},"end":{"line":489,"column":75}},"210":{"start":{"line":491,"column":8},"end":{"line":491,"column":14}},"211":{"start":{"line":495,"column":8},"end":{"line":507,"column":9}},"212":{"start":{"line":496,"column":28},"end":{"line":505,"column":11}},"213":{"start":{"line":506,"column":10},"end":{"line":506,"column":52}},"214":{"start":{"line":508,"column":8},"end":{"line":508,"column":14}},"215":{"start":{"line":512,"column":8},"end":{"line":517,"column":9}},"216":{"start":{"line":513,"column":30},"end":{"line":513,"column":49}},"217":{"start":{"line":514,"column":10},"end":{"line":516,"column":11}},"218":{"start":{"line":515,"column":12},"end":{"line":515,"column":110}},"219":{"start":{"line":518,"column":8},"end":{"line":518,"column":14}},"220":{"start":{"line":523,"column":8},"end":{"line":565,"column":9}},"221":{"start":{"line":524,"column":10},"end":{"line":526,"column":11}},"222":{"start":{"line":525,"column":12},"end":{"line":525,"column":76}},"223":{"start":{"line":528,"column":24},"end":{"line":536,"column":11}},"224":{"start":{"line":538,"column":10},"end":{"line":550,"column":12}},"225":{"start":{"line":552,"column":10},"end":{"line":564,"column":11}},"226":{"start":{"line":553,"column":31},"end":{"line":553,"column":39}},"227":{"start":{"line":554,"column":12},"end":{"line":563,"column":13}},"228":{"start":{"line":555,"column":45},"end":{"line":555,"column":68}},"229":{"start":{"line":556,"column":14},"end":{"line":556,"column":77}},"230":{"start":{"line":557,"column":14},"end":{"line":557,"column":81}},"231":{"start":{"line":558,"column":14},"end":{"line":558,"column":73}},"232":{"start":{"line":559,"column":14},"end":{"line":559,"column":76}},"233":{"start":{"line":561,"column":14},"end":{"line":561,"column":98}},"234":{"start":{"line":562,"column":14},"end":{"line":562,"column":76}},"235":{"start":{"line":566,"column":8},"end":{"line":566,"column":14}},"236":{"start":{"line":570,"column":8},"end":{"line":572,"column":9}},"237":{"start":{"line":571,"column":10},"end":{"line":571,"column":66}},"238":{"start":{"line":573,"column":8},"end":{"line":575,"column":9}},"239":{"start":{"line":574,"column":10},"end":{"line":574,"column":63}},"240":{"start":{"line":576,"column":8},"end":{"line":576,"column":14}},"241":{"start":{"line":580,"column":8},"end":{"line":582,"column":9}},"242":{"start":{"line":581,"column":10},"end":{"line":581,"column":60}},"243":{"start":{"line":583,"column":8},"end":{"line":591,"column":9}},"244":{"start":{"line":584,"column":30},"end":{"line":584,"column":38}},"245":{"start":{"line":585,"column":10},"end":{"line":590,"column":28}},"246":{"start":{"line":592,"column":8},"end":{"line":592,"column":14}},"247":{"start":{"line":597,"column":8},"end":{"line":612,"column":9}},"248":{"start":{"line":598,"column":10},"end":{"line":600,"column":11}},"249":{"start":{"line":599,"column":12},"end":{"line":599,"column":52}},"250":{"start":{"line":601,"column":30},"end":{"line":601,"column":49}},"251":{"start":{"line":602,"column":10},"end":{"line":611,"column":12}},"252":{"start":{"line":613,"column":8},"end":{"line":613,"column":14}},"253":{"start":{"line":617,"column":8},"end":{"line":620,"column":9}},"254":{"start":{"line":618,"column":29},"end":{"line":618,"column":48}},"255":{"start":{"line":619,"column":10},"end":{"line":619,"column":64}},"256":{"start":{"line":621,"column":8},"end":{"line":621,"column":14}},"257":{"start":{"line":625,"column":8},"end":{"line":629,"column":9}},"258":{"start":{"line":626,"column":27},"end":{"line":626,"column":46}},"259":{"start":{"line":627,"column":10},"end":{"line":627,"column":59}},"260":{"start":{"line":628,"column":10},"end":{"line":628,"column":77}},"261":{"start":{"line":630,"column":8},"end":{"line":630,"column":14}},"262":{"start":{"line":634,"column":8},"end":{"line":641,"column":9}},"263":{"start":{"line":635,"column":32},"end":{"line":635,"column":51}},"264":{"start":{"line":636,"column":27},"end":{"line":636,"column":63}},"265":{"start":{"line":637,"column":10},"end":{"line":637,"column":51}},"266":{"start":{"line":638,"column":10},"end":{"line":640,"column":11}},"267":{"start":{"line":639,"column":12},"end":{"line":639,"column":43}},"268":{"start":{"line":642,"column":8},"end":{"line":642,"column":14}},"269":{"start":{"line":646,"column":10},"end":{"line":657,"column":11}},"270":{"start":{"line":648,"column":12},"end":{"line":651,"column":15}},"271":{"start":{"line":653,"column":12},"end":{"line":656,"column":13}},"272":{"start":{"line":654,"column":14},"end":{"line":655,"column":42}},"273":{"start":{"line":658,"column":10},"end":{"line":658,"column":16}},"274":{"start":{"line":662,"column":8},"end":{"line":673,"column":9}},"275":{"start":{"line":665,"column":28},"end":{"line":667,"column":11}},"276":{"start":{"line":666,"column":19},"end":{"line":666,"column":40}},"277":{"start":{"line":670,"column":10},"end":{"line":672,"column":11}},"278":{"start":{"line":671,"column":12},"end":{"line":671,"column":68}},"279":{"start":{"line":674,"column":8},"end":{"line":674,"column":14}},"280":{"start":{"line":678,"column":8},"end":{"line":686,"column":9}},"281":{"start":{"line":679,"column":32},"end":{"line":679,"column":95}},"282":{"start":{"line":680,"column":10},"end":{"line":685,"column":11}},"283":{"start":{"line":681,"column":12},"end":{"line":684,"column":15}},"284":{"start":{"line":687,"column":8},"end":{"line":687,"column":14}},"285":{"start":{"line":691,"column":8},"end":{"line":696,"column":9}},"286":{"start":{"line":692,"column":32},"end":{"line":692,"column":95}},"287":{"start":{"line":693,"column":10},"end":{"line":695,"column":11}},"288":{"start":{"line":694,"column":12},"end":{"line":694,"column":50}},"289":{"start":{"line":697,"column":8},"end":{"line":697,"column":14}},"290":{"start":{"line":700,"column":4},"end":{"line":703,"column":5}},"291":{"start":{"line":702,"column":6},"end":{"line":702,"column":47}},"292":{"start":{"line":706,"column":2},"end":{"line":708,"column":3}},"293":{"start":{"line":707,"column":4},"end":{"line":707,"column":26}},"294":{"start":{"line":710,"column":2},"end":{"line":714,"column":4}},"295":{"start":{"line":718,"column":2},"end":{"line":724,"column":3}},"296":{"start":{"line":719,"column":22},"end":{"line":719,"column":45}},"297":{"start":{"line":720,"column":4},"end":{"line":720,"column":24}},"298":{"start":{"line":722,"column":4},"end":{"line":722,"column":25}},"299":{"start":{"line":723,"column":4},"end":{"line":723,"column":69}},"300":{"start":{"line":729,"column":2},"end":{"line":758,"column":3}},"301":{"start":{"line":731,"column":20},"end":{"line":731,"column":28}},"302":{"start":{"line":733,"column":4},"end":{"line":743,"column":5}},"303":{"start":{"line":739,"column":6},"end":{"line":742,"column":9}},"304":{"start":{"line":746,"column":6},"end":{"line":746,"column":32}},"305":{"start":{"line":748,"column":4},"end":{"line":748,"column":35}},"306":{"start":{"line":752,"column":4},"end":{"line":752,"column":25}},"307":{"start":{"line":754,"column":4},"end":{"line":757,"column":7}},"308":{"start":{"line":762,"column":2},"end":{"line":777,"column":3}},"309":{"start":{"line":763,"column":4},"end":{"line":765,"column":5}},"310":{"start":{"line":764,"column":6},"end":{"line":764,"column":74}},"311":{"start":{"line":767,"column":20},"end":{"line":767,"column":53}},"312":{"start":{"line":768,"column":27},"end":{"line":768,"column":74}},"313":{"start":{"line":770,"column":4},"end":{"line":770,"column":29}},"314":{"start":{"line":772,"column":4},"end":{"line":772,"column":59}},"315":{"start":{"line":773,"column":4},"end":{"line":776,"column":7}},"316":{"start":{"line":781,"column":2},"end":{"line":835,"column":3}},"317":{"start":{"line":782,"column":4},"end":{"line":784,"column":5}},"318":{"start":{"line":783,"column":6},"end":{"line":783,"column":74}},"319":{"start":{"line":786,"column":21},"end":{"line":786,"column":79}},"320":{"start":{"line":787,"column":24},"end":{"line":789,"column":12}},"321":{"start":{"line":792,"column":4},"end":{"line":797,"column":5}},"322":{"start":{"line":793,"column":6},"end":{"line":793,"column":51}},"323":{"start":{"line":795,"column":22},"end":{"line":795,"column":55}},"324":{"start":{"line":796,"column":6},"end":{"line":796,"column":67}},"325":{"start":{"line":800,"column":6},"end":{"line":802,"column":37}},"326":{"start":{"line":804,"column":4},"end":{"line":806,"column":5}},"327":{"start":{"line":805,"column":6},"end":{"line":805,"column":73}},"328":{"start":{"line":809,"column":25},"end":{"line":809,"column":50}},"329":{"start":{"line":811,"column":6},"end":{"line":813,"column":42}},"330":{"start":{"line":815,"column":6},"end":{"line":817,"column":47}},"331":{"start":{"line":819,"column":4},"end":{"line":821,"column":5}},"332":{"start":{"line":820,"column":6},"end":{"line":820,"column":77}},"333":{"start":{"line":823,"column":21},"end":{"line":827,"column":6}},"334":{"start":{"line":828,"column":4},"end":{"line":828,"column":35}},"335":{"start":{"line":830,"column":4},"end":{"line":830,"column":59}},"336":{"start":{"line":831,"column":4},"end":{"line":834,"column":7}},"337":{"start":{"line":839,"column":2},"end":{"line":848,"column":3}},"338":{"start":{"line":840,"column":21},"end":{"line":840,"column":54}},"339":{"start":{"line":841,"column":4},"end":{"line":843,"column":5}},"340":{"start":{"line":842,"column":6},"end":{"line":842,"column":70}},"341":{"start":{"line":844,"column":4},"end":{"line":844,"column":23}},"342":{"start":{"line":846,"column":4},"end":{"line":846,"column":25}},"343":{"start":{"line":847,"column":4},"end":{"line":847,"column":69}},"344":{"start":{"line":852,"column":2},"end":{"line":861,"column":3}},"345":{"start":{"line":853,"column":21},"end":{"line":853,"column":70}},"346":{"start":{"line":854,"column":4},"end":{"line":856,"column":5}},"347":{"start":{"line":855,"column":6},"end":{"line":855,"column":70}},"348":{"start":{"line":857,"column":4},"end":{"line":857,"column":23}},"349":{"start":{"line":859,"column":4},"end":{"line":859,"column":25}},"350":{"start":{"line":860,"column":4},"end":{"line":860,"column":70}},"351":{"start":{"line":865,"column":2},"end":{"line":874,"column":3}},"352":{"start":{"line":866,"column":20},"end":{"line":866,"column":55}},"353":{"start":{"line":867,"column":4},"end":{"line":869,"column":5}},"354":{"start":{"line":868,"column":6},"end":{"line":868,"column":70}},"355":{"start":{"line":870,"column":4},"end":{"line":870,"column":26}},"356":{"start":{"line":872,"column":4},"end":{"line":872,"column":25}},"357":{"start":{"line":873,"column":4},"end":{"line":873,"column":68}}},"fnMap":{"0":{"name":"getCarrierName","decl":{"start":{"line":24,"column":9},"end":{"line":24,"column":23}},"loc":{"start":{"line":24,"column":30},"end":{"line":26,"column":1}},"line":24},"1":{"name":"parseEdiDate","decl":{"start":{"line":30,"column":9},"end":{"line":30,"column":21}},"loc":{"start":{"line":30,"column":31},"end":{"line":66,"column":1}},"line":30},"2":{"name":"parseLocationValue","decl":{"start":{"line":68,"column":9},"end":{"line":68,"column":27}},"loc":{"start":{"line":68,"column":42},"end":{"line":88,"column":1}},"line":68},"3":{"name":"(anonymous_3)","decl":{"start":{"line":74,"column":35},"end":{"line":74,"column":36}},"loc":{"start":{"line":74,"column":45},"end":{"line":74,"column":56}},"line":74},"4":{"name":"parseEdiField","decl":{"start":{"line":92,"column":9},"end":{"line":92,"column":22}},"loc":{"start":{"line":92,"column":56},"end":{"line":101,"column":1}},"line":92},"5":{"name":"parseEdiContent","decl":{"start":{"line":106,"column":16},"end":{"line":106,"column":31}},"loc":{"start":{"line":106,"column":51},"end":{"line":715,"column":1}},"line":106},"6":{"name":"(anonymous_6)","decl":{"start":{"line":112,"column":9},"end":{"line":112,"column":10}},"loc":{"start":{"line":112,"column":16},"end":{"line":112,"column":24}},"line":112},"7":{"name":"(anonymous_7)","decl":{"start":{"line":117,"column":35},"end":{"line":117,"column":36}},"loc":{"start":{"line":117,"column":42},"end":{"line":117,"column":62}},"line":117},"8":{"name":"(anonymous_8)","decl":{"start":{"line":145,"column":35},"end":{"line":145,"column":36}},"loc":{"start":{"line":145,"column":42},"end":{"line":145,"column":62}},"line":145},"9":{"name":"(anonymous_9)","decl":{"start":{"line":163,"column":35},"end":{"line":163,"column":36}},"loc":{"start":{"line":163,"column":41},"end":{"line":167,"column":3}},"line":163},"10":{"name":"(anonymous_10)","decl":{"start":{"line":170,"column":30},"end":{"line":170,"column":31}},"loc":{"start":{"line":170,"column":36},"end":{"line":209,"column":3}},"line":170},"11":{"name":"(anonymous_11)","decl":{"start":{"line":180,"column":64},"end":{"line":180,"column":65}},"loc":{"start":{"line":180,"column":81},"end":{"line":185,"column":5}},"line":180},"12":{"name":"(anonymous_12)","decl":{"start":{"line":212,"column":27},"end":{"line":212,"column":28}},"loc":{"start":{"line":212,"column":34},"end":{"line":289,"column":1}},"line":212},"13":{"name":"(anonymous_13)","decl":{"start":{"line":291,"column":29},"end":{"line":291,"column":30}},"loc":{"start":{"line":291,"column":46},"end":{"line":308,"column":3}},"line":291},"14":{"name":"(anonymous_14)","decl":{"start":{"line":292,"column":51},"end":{"line":292,"column":52}},"loc":{"start":{"line":292,"column":58},"end":{"line":292,"column":82}},"line":292},"15":{"name":"(anonymous_15)","decl":{"start":{"line":312,"column":19},"end":{"line":312,"column":20}},"loc":{"start":{"line":312,"column":32},"end":{"line":704,"column":3}},"line":312},"16":{"name":"(anonymous_16)","decl":{"start":{"line":666,"column":12},"end":{"line":666,"column":13}},"loc":{"start":{"line":666,"column":19},"end":{"line":666,"column":40}},"line":666},"17":{"name":"listShipments","decl":{"start":{"line":717,"column":22},"end":{"line":717,"column":35}},"loc":{"start":{"line":717,"column":46},"end":{"line":725,"column":1}},"line":717},"18":{"name":"createShipment","decl":{"start":{"line":727,"column":22},"end":{"line":727,"column":36}},"loc":{"start":{"line":727,"column":47},"end":{"line":759,"column":1}},"line":727},"19":{"name":"parseShipment","decl":{"start":{"line":761,"column":22},"end":{"line":761,"column":35}},"loc":{"start":{"line":761,"column":46},"end":{"line":778,"column":1}},"line":761},"20":{"name":"uploadShipment","decl":{"start":{"line":780,"column":22},"end":{"line":780,"column":36}},"loc":{"start":{"line":780,"column":47},"end":{"line":836,"column":1}},"line":780},"21":{"name":"getShipment","decl":{"start":{"line":838,"column":22},"end":{"line":838,"column":33}},"loc":{"start":{"line":838,"column":44},"end":{"line":849,"column":1}},"line":838},"22":{"name":"updateShipment","decl":{"start":{"line":851,"column":22},"end":{"line":851,"column":36}},"loc":{"start":{"line":851,"column":47},"end":{"line":862,"column":1}},"line":851},"23":{"name":"deleteShipment","decl":{"start":{"line":864,"column":22},"end":{"line":864,"column":36}},"loc":{"start":{"line":864,"column":47},"end":{"line":875,"column":1}},"line":864}},"branchMap":{"0":{"loc":{"start":{"line":25,"column":9},"end":{"line":25,"column":71}},"type":"binary-expr","locations":[{"start":{"line":25,"column":9},"end":{"line":25,"column":46}},{"start":{"line":25,"column":50},"end":{"line":25,"column":54}},{"start":{"line":25,"column":58},"end":{"line":25,"column":71}}],"line":25},"1":{"loc":{"start":{"line":31,"column":2},"end":{"line":31,"column":59}},"type":"if","locations":[{"start":{"line":31,"column":2},"end":{"line":31,"column":59}},{"start":{},"end":{}}],"line":31},"2":{"loc":{"start":{"line":31,"column":6},"end":{"line":31,"column":45}},"type":"binary-expr","locations":[{"start":{"line":31,"column":6},"end":{"line":31,"column":14}},{"start":{"line":31,"column":18},"end":{"line":31,"column":45}}],"line":31},"3":{"loc":{"start":{"line":38,"column":2},"end":{"line":52,"column":3}},"type":"if","locations":[{"start":{"line":38,"column":2},"end":{"line":52,"column":3}},{"start":{"line":42,"column":9},"end":{"line":52,"column":3}}],"line":38},"4":{"loc":{"start":{"line":42,"column":9},"end":{"line":52,"column":3}},"type":"if","locations":[{"start":{"line":42,"column":9},"end":{"line":52,"column":3}},{"start":{"line":46,"column":9},"end":{"line":52,"column":3}}],"line":42},"5":{"loc":{"start":{"line":46,"column":9},"end":{"line":52,"column":3}},"type":"if","locations":[{"start":{"line":46,"column":9},"end":{"line":52,"column":3}},{"start":{"line":50,"column":9},"end":{"line":52,"column":3}}],"line":46},"6":{"loc":{"start":{"line":55,"column":2},"end":{"line":55,"column":48}},"type":"if","locations":[{"start":{"line":55,"column":2},"end":{"line":55,"column":48}},{"start":{},"end":{}}],"line":55},"7":{"loc":{"start":{"line":57,"column":25},"end":{"line":57,"column":80}},"type":"cond-expr","locations":[{"start":{"line":57,"column":50},"end":{"line":57,"column":75}},{"start":{"line":57,"column":78},"end":{"line":57,"column":80}}],"line":57},"8":{"loc":{"start":{"line":58,"column":27},"end":{"line":58,"column":53}},"type":"binary-expr","locations":[{"start":{"line":58,"column":27},"end":{"line":58,"column":35}},{"start":{"line":58,"column":39},"end":{"line":58,"column":53}}],"line":58},"9":{"loc":{"start":{"line":60,"column":2},"end":{"line":63,"column":3}},"type":"if","locations":[{"start":{"line":60,"column":2},"end":{"line":63,"column":3}},{"start":{},"end":{}}],"line":60},"10":{"loc":{"start":{"line":60,"column":6},"end":{"line":60,"column":61}},"type":"binary-expr","locations":[{"start":{"line":60,"column":6},"end":{"line":60,"column":22}},{"start":{"line":60,"column":26},"end":{"line":60,"column":61}}],"line":60},"11":{"loc":{"start":{"line":65,"column":9},"end":{"line":65,"column":51}},"type":"cond-expr","locations":[{"start":{"line":65,"column":40},"end":{"line":65,"column":44}},{"start":{"line":65,"column":47},"end":{"line":65,"column":51}}],"line":65},"12":{"loc":{"start":{"line":69,"column":2},"end":{"line":71,"column":3}},"type":"if","locations":[{"start":{"line":69,"column":2},"end":{"line":71,"column":3}},{"start":{},"end":{}}],"line":69},"13":{"loc":{"start":{"line":69,"column":6},"end":{"line":69,"column":55}},"type":"binary-expr","locations":[{"start":{"line":69,"column":6},"end":{"line":69,"column":19}},{"start":{"line":69,"column":23},"end":{"line":69,"column":55}}],"line":69},"14":{"loc":{"start":{"line":76,"column":2},"end":{"line":78,"column":3}},"type":"if","locations":[{"start":{"line":76,"column":2},"end":{"line":78,"column":3}},{"start":{},"end":{}}],"line":76},"15":{"loc":{"start":{"line":80,"column":2},"end":{"line":82,"column":3}},"type":"if","locations":[{"start":{"line":80,"column":2},"end":{"line":82,"column":3}},{"start":{},"end":{}}],"line":80},"16":{"loc":{"start":{"line":95,"column":2},"end":{"line":95,"column":26}},"type":"if","locations":[{"start":{"line":95,"column":2},"end":{"line":95,"column":26}},{"start":{},"end":{}}],"line":95},"17":{"loc":{"start":{"line":97,"column":16},"end":{"line":97,"column":30}},"type":"binary-expr","locations":[{"start":{"line":97,"column":16},"end":{"line":97,"column":24}},{"start":{"line":97,"column":28},"end":{"line":97,"column":30}}],"line":97},"18":{"loc":{"start":{"line":99,"column":16},"end":{"line":99,"column":62}},"type":"cond-expr","locations":[{"start":{"line":99,"column":31},"end":{"line":99,"column":54}},{"start":{"line":99,"column":57},"end":{"line":99,"column":62}}],"line":99},"19":{"loc":{"start":{"line":128,"column":2},"end":{"line":142,"column":3}},"type":"if","locations":[{"start":{"line":128,"column":2},"end":{"line":142,"column":3}},{"start":{},"end":{}}],"line":128},"20":{"loc":{"start":{"line":130,"column":4},"end":{"line":141,"column":5}},"type":"if","locations":[{"start":{"line":130,"column":4},"end":{"line":141,"column":5}},{"start":{},"end":{}}],"line":130},"21":{"loc":{"start":{"line":131,"column":33},"end":{"line":131,"column":50}},"type":"binary-expr","locations":[{"start":{"line":131,"column":33},"end":{"line":131,"column":44}},{"start":{"line":131,"column":48},"end":{"line":131,"column":50}}],"line":131},"22":{"loc":{"start":{"line":133,"column":16},"end":{"line":133,"column":28}},"type":"binary-expr","locations":[{"start":{"line":133,"column":16},"end":{"line":133,"column":22}},{"start":{"line":133,"column":26},"end":{"line":133,"column":28}}],"line":133},"23":{"loc":{"start":{"line":134,"column":17},"end":{"line":134,"column":30}},"type":"binary-expr","locations":[{"start":{"line":134,"column":17},"end":{"line":134,"column":24}},{"start":{"line":134,"column":28},"end":{"line":134,"column":30}}],"line":134},"24":{"loc":{"start":{"line":137,"column":23},"end":{"line":137,"column":40}},"type":"binary-expr","locations":[{"start":{"line":137,"column":23},"end":{"line":137,"column":34}},{"start":{"line":137,"column":38},"end":{"line":137,"column":40}}],"line":137},"25":{"loc":{"start":{"line":138,"column":25},"end":{"line":138,"column":42}},"type":"binary-expr","locations":[{"start":{"line":138,"column":25},"end":{"line":138,"column":36}},{"start":{"line":138,"column":40},"end":{"line":138,"column":42}}],"line":138},"26":{"loc":{"start":{"line":152,"column":21},"end":{"line":152,"column":66}},"type":"binary-expr","locations":[{"start":{"line":152,"column":21},"end":{"line":152,"column":58}},{"start":{"line":152,"column":62},"end":{"line":152,"column":66}}],"line":152},"27":{"loc":{"start":{"line":153,"column":19},"end":{"line":153,"column":79}},"type":"cond-expr","locations":[{"start":{"line":153,"column":32},"end":{"line":153,"column":75}},{"start":{"line":153,"column":78},"end":{"line":153,"column":79}}],"line":153},"28":{"loc":{"start":{"line":153,"column":32},"end":{"line":153,"column":75}},"type":"binary-expr","locations":[{"start":{"line":153,"column":32},"end":{"line":153,"column":70}},{"start":{"line":153,"column":74},"end":{"line":153,"column":75}}],"line":153},"29":{"loc":{"start":{"line":164,"column":4},"end":{"line":164,"column":56}},"type":"if","locations":[{"start":{"line":164,"column":4},"end":{"line":164,"column":56}},{"start":{},"end":{}}],"line":164},"30":{"loc":{"start":{"line":164,"column":8},"end":{"line":164,"column":47}},"type":"binary-expr","locations":[{"start":{"line":164,"column":8},"end":{"line":164,"column":28}},{"start":{"line":164,"column":32},"end":{"line":164,"column":47}}],"line":164},"31":{"loc":{"start":{"line":171,"column":4},"end":{"line":171,"column":32}},"type":"if","locations":[{"start":{"line":171,"column":4},"end":{"line":171,"column":32}},{"start":{},"end":{}}],"line":171},"32":{"loc":{"start":{"line":172,"column":4},"end":{"line":175,"column":5}},"type":"if","locations":[{"start":{"line":172,"column":4},"end":{"line":175,"column":5}},{"start":{},"end":{}}],"line":172},"33":{"loc":{"start":{"line":172,"column":8},"end":{"line":172,"column":56}},"type":"binary-expr","locations":[{"start":{"line":172,"column":8},"end":{"line":172,"column":18}},{"start":{"line":172,"column":22},"end":{"line":172,"column":56}}],"line":172},"34":{"loc":{"start":{"line":181,"column":6},"end":{"line":183,"column":7}},"type":"if","locations":[{"start":{"line":181,"column":6},"end":{"line":183,"column":7}},{"start":{},"end":{}}],"line":181},"35":{"loc":{"start":{"line":181,"column":10},"end":{"line":181,"column":95}},"type":"binary-expr","locations":[{"start":{"line":181,"column":10},"end":{"line":181,"column":15}},{"start":{"line":181,"column":19},"end":{"line":181,"column":95}}],"line":181},"36":{"loc":{"start":{"line":181,"column":20},"end":{"line":181,"column":60}},"type":"binary-expr","locations":[{"start":{"line":181,"column":20},"end":{"line":181,"column":31}},{"start":{"line":181,"column":35},"end":{"line":181,"column":60}}],"line":181},"37":{"loc":{"start":{"line":181,"column":65},"end":{"line":181,"column":94}},"type":"binary-expr","locations":[{"start":{"line":181,"column":65},"end":{"line":181,"column":89}},{"start":{"line":181,"column":93},"end":{"line":181,"column":94}}],"line":181},"38":{"loc":{"start":{"line":187,"column":4},"end":{"line":194,"column":5}},"type":"if","locations":[{"start":{"line":187,"column":4},"end":{"line":194,"column":5}},{"start":{},"end":{}}],"line":187},"39":{"loc":{"start":{"line":188,"column":48},"end":{"line":188,"column":73}},"type":"binary-expr","locations":[{"start":{"line":188,"column":48},"end":{"line":188,"column":67}},{"start":{"line":188,"column":71},"end":{"line":188,"column":73}}],"line":188},"40":{"loc":{"start":{"line":189,"column":49},"end":{"line":189,"column":75}},"type":"binary-expr","locations":[{"start":{"line":189,"column":49},"end":{"line":189,"column":69}},{"start":{"line":189,"column":73},"end":{"line":189,"column":75}}],"line":189},"41":{"loc":{"start":{"line":190,"column":48},"end":{"line":190,"column":73}},"type":"binary-expr","locations":[{"start":{"line":190,"column":48},"end":{"line":190,"column":67}},{"start":{"line":190,"column":71},"end":{"line":190,"column":73}}],"line":190},"42":{"loc":{"start":{"line":191,"column":47},"end":{"line":191,"column":71}},"type":"binary-expr","locations":[{"start":{"line":191,"column":47},"end":{"line":191,"column":65}},{"start":{"line":191,"column":69},"end":{"line":191,"column":71}}],"line":191},"43":{"loc":{"start":{"line":192,"column":45},"end":{"line":192,"column":78}},"type":"binary-expr","locations":[{"start":{"line":192,"column":45},"end":{"line":192,"column":70}},{"start":{"line":192,"column":74},"end":{"line":192,"column":78}}],"line":192},"44":{"loc":{"start":{"line":193,"column":45},"end":{"line":193,"column":80}},"type":"binary-expr","locations":[{"start":{"line":193,"column":45},"end":{"line":193,"column":72}},{"start":{"line":193,"column":76},"end":{"line":193,"column":80}}],"line":193},"45":{"loc":{"start":{"line":197,"column":14},"end":{"line":197,"column":59}},"type":"binary-expr","locations":[{"start":{"line":197,"column":14},"end":{"line":197,"column":53}},{"start":{"line":197,"column":57},"end":{"line":197,"column":59}}],"line":197},"46":{"loc":{"start":{"line":198,"column":11},"end":{"line":198,"column":55}},"type":"binary-expr","locations":[{"start":{"line":198,"column":11},"end":{"line":198,"column":47}},{"start":{"line":198,"column":51},"end":{"line":198,"column":55}}],"line":198},"47":{"loc":{"start":{"line":199,"column":14},"end":{"line":199,"column":96}},"type":"binary-expr","locations":[{"start":{"line":199,"column":14},"end":{"line":199,"column":50}},{"start":{"line":199,"column":54},"end":{"line":199,"column":90}},{"start":{"line":199,"column":94},"end":{"line":199,"column":96}}],"line":199},"48":{"loc":{"start":{"line":200,"column":19},"end":{"line":200,"column":111}},"type":"binary-expr","locations":[{"start":{"line":200,"column":19},"end":{"line":200,"column":60}},{"start":{"line":200,"column":64},"end":{"line":200,"column":105}},{"start":{"line":200,"column":109},"end":{"line":200,"column":111}}],"line":200},"49":{"loc":{"start":{"line":201,"column":21},"end":{"line":201,"column":63}},"type":"binary-expr","locations":[{"start":{"line":201,"column":21},"end":{"line":201,"column":57}},{"start":{"line":201,"column":61},"end":{"line":201,"column":63}}],"line":201},"50":{"loc":{"start":{"line":204,"column":31},"end":{"line":204,"column":95}},"type":"binary-expr","locations":[{"start":{"line":204,"column":31},"end":{"line":204,"column":55}},{"start":{"line":204,"column":59},"end":{"line":204,"column":95}}],"line":204},"51":{"loc":{"start":{"line":205,"column":31},"end":{"line":205,"column":95}},"type":"binary-expr","locations":[{"start":{"line":205,"column":31},"end":{"line":205,"column":55}},{"start":{"line":205,"column":59},"end":{"line":205,"column":95}}],"line":205},"52":{"loc":{"start":{"line":293,"column":4},"end":{"line":306,"column":5}},"type":"if","locations":[{"start":{"line":293,"column":4},"end":{"line":306,"column":5}},{"start":{},"end":{}}],"line":293},"53":{"loc":{"start":{"line":316,"column":4},"end":{"line":324,"column":5}},"type":"if","locations":[{"start":{"line":316,"column":4},"end":{"line":324,"column":5}},{"start":{},"end":{}}],"line":316},"54":{"loc":{"start":{"line":321,"column":33},"end":{"line":321,"column":47}},"type":"binary-expr","locations":[{"start":{"line":321,"column":33},"end":{"line":321,"column":41}},{"start":{"line":321,"column":45},"end":{"line":321,"column":47}}],"line":321},"55":{"loc":{"start":{"line":322,"column":35},"end":{"line":322,"column":64}},"type":"binary-expr","locations":[{"start":{"line":322,"column":35},"end":{"line":322,"column":58}},{"start":{"line":322,"column":62},"end":{"line":322,"column":64}}],"line":322},"56":{"loc":{"start":{"line":326,"column":4},"end":{"line":330,"column":5}},"type":"if","locations":[{"start":{"line":326,"column":4},"end":{"line":330,"column":5}},{"start":{},"end":{}}],"line":326},"57":{"loc":{"start":{"line":332,"column":4},"end":{"line":334,"column":5}},"type":"if","locations":[{"start":{"line":332,"column":4},"end":{"line":334,"column":5}},{"start":{},"end":{}}],"line":332},"58":{"loc":{"start":{"line":336,"column":4},"end":{"line":698,"column":5}},"type":"switch","locations":[{"start":{"line":337,"column":6},"end":{"line":350,"column":7}},{"start":{"line":352,"column":6},"end":{"line":357,"column":14}},{"start":{"line":359,"column":6},"end":{"line":388,"column":14}},{"start":{"line":390,"column":6},"end":{"line":440,"column":14}},{"start":{"line":442,"column":6},"end":{"line":459,"column":14}},{"start":{"line":461,"column":6},"end":{"line":469,"column":14}},{"start":{"line":471,"column":6},"end":{"line":476,"column":14}},{"start":{"line":478,"column":6},"end":{"line":484,"column":14}},{"start":{"line":486,"column":6},"end":{"line":491,"column":14}},{"start":{"line":493,"column":6},"end":{"line":508,"column":14}},{"start":{"line":510,"column":6},"end":{"line":518,"column":14}},{"start":{"line":520,"column":6},"end":{"line":566,"column":14}},{"start":{"line":568,"column":6},"end":{"line":576,"column":14}},{"start":{"line":578,"column":6},"end":{"line":592,"column":14}},{"start":{"line":594,"column":6},"end":{"line":613,"column":14}},{"start":{"line":615,"column":6},"end":{"line":621,"column":14}},{"start":{"line":623,"column":6},"end":{"line":630,"column":14}},{"start":{"line":632,"column":6},"end":{"line":642,"column":14}},{"start":{"line":644,"column":8},"end":{"line":658,"column":16}},{"start":{"line":660,"column":6},"end":{"line":674,"column":14}},{"start":{"line":676,"column":6},"end":{"line":687,"column":14}},{"start":{"line":689,"column":6},"end":{"line":697,"column":14}}],"line":336},"59":{"loc":{"start":{"line":339,"column":8},"end":{"line":348,"column":9}},"type":"if","locations":[{"start":{"line":339,"column":8},"end":{"line":348,"column":9}},{"start":{},"end":{}}],"line":339},"60":{"loc":{"start":{"line":343,"column":10},"end":{"line":347,"column":11}},"type":"if","locations":[{"start":{"line":343,"column":10},"end":{"line":347,"column":11}},{"start":{"line":345,"column":17},"end":{"line":347,"column":11}}],"line":343},"61":{"loc":{"start":{"line":343,"column":14},"end":{"line":343,"column":50}},"type":"binary-expr","locations":[{"start":{"line":343,"column":14},"end":{"line":343,"column":32}},{"start":{"line":343,"column":36},"end":{"line":343,"column":50}}],"line":343},"62":{"loc":{"start":{"line":345,"column":17},"end":{"line":347,"column":11}},"type":"if","locations":[{"start":{"line":345,"column":17},"end":{"line":347,"column":11}},{"start":{},"end":{}}],"line":345},"63":{"loc":{"start":{"line":345,"column":21},"end":{"line":345,"column":50}},"type":"binary-expr","locations":[{"start":{"line":345,"column":21},"end":{"line":345,"column":38}},{"start":{"line":345,"column":42},"end":{"line":345,"column":50}}],"line":345},"64":{"loc":{"start":{"line":354,"column":8},"end":{"line":356,"column":9}},"type":"if","locations":[{"start":{"line":354,"column":8},"end":{"line":356,"column":9}},{"start":{},"end":{}}],"line":354},"65":{"loc":{"start":{"line":361,"column":8},"end":{"line":387,"column":9}},"type":"if","locations":[{"start":{"line":361,"column":8},"end":{"line":387,"column":9}},{"start":{},"end":{}}],"line":361},"66":{"loc":{"start":{"line":366,"column":10},"end":{"line":386,"column":11}},"type":"if","locations":[{"start":{"line":366,"column":10},"end":{"line":386,"column":11}},{"start":{},"end":{}}],"line":366},"67":{"loc":{"start":{"line":367,"column":12},"end":{"line":385,"column":13}},"type":"switch","locations":[{"start":{"line":368,"column":14},"end":{"line":370,"column":22}},{"start":{"line":371,"column":14},"end":{"line":377,"column":22}},{"start":{"line":378,"column":14},"end":{"line":384,"column":22}}],"line":367},"68":{"loc":{"start":{"line":373,"column":16},"end":{"line":376,"column":17}},"type":"if","locations":[{"start":{"line":373,"column":16},"end":{"line":376,"column":17}},{"start":{},"end":{}}],"line":373},"69":{"loc":{"start":{"line":380,"column":16},"end":{"line":383,"column":17}},"type":"if","locations":[{"start":{"line":380,"column":16},"end":{"line":383,"column":17}},{"start":{},"end":{}}],"line":380},"70":{"loc":{"start":{"line":393,"column":8},"end":{"line":439,"column":9}},"type":"if","locations":[{"start":{"line":393,"column":8},"end":{"line":439,"column":9}},{"start":{},"end":{}}],"line":393},"71":{"loc":{"start":{"line":393,"column":12},"end":{"line":393,"column":32}},"type":"binary-expr","locations":[{"start":{"line":393,"column":12},"end":{"line":393,"column":20}},{"start":{"line":393,"column":24},"end":{"line":393,"column":32}}],"line":393},"72":{"loc":{"start":{"line":397,"column":10},"end":{"line":435,"column":11}},"type":"switch","locations":[{"start":{"line":398,"column":12},"end":{"line":400,"column":20}},{"start":{"line":401,"column":12},"end":{"line":403,"column":20}},{"start":{"line":404,"column":12},"end":{"line":410,"column":20}},{"start":{"line":411,"column":12},"end":{"line":417,"column":20}},{"start":{"line":418,"column":12},"end":{"line":420,"column":20}},{"start":{"line":421,"column":12},"end":{"line":427,"column":20}},{"start":{"line":428,"column":12},"end":{"line":434,"column":20}}],"line":397},"73":{"loc":{"start":{"line":406,"column":14},"end":{"line":409,"column":15}},"type":"if","locations":[{"start":{"line":406,"column":14},"end":{"line":409,"column":15}},{"start":{},"end":{}}],"line":406},"74":{"loc":{"start":{"line":407,"column":52},"end":{"line":407,"column":94}},"type":"binary-expr","locations":[{"start":{"line":407,"column":52},"end":{"line":407,"column":71}},{"start":{"line":407,"column":75},"end":{"line":407,"column":94}}],"line":407},"75":{"loc":{"start":{"line":408,"column":63},"end":{"line":408,"column":105}},"type":"binary-expr","locations":[{"start":{"line":408,"column":63},"end":{"line":408,"column":82}},{"start":{"line":408,"column":86},"end":{"line":408,"column":105}}],"line":408},"76":{"loc":{"start":{"line":413,"column":14},"end":{"line":416,"column":15}},"type":"if","locations":[{"start":{"line":413,"column":14},"end":{"line":416,"column":15}},{"start":{},"end":{}}],"line":413},"77":{"loc":{"start":{"line":414,"column":50},"end":{"line":414,"column":92}},"type":"binary-expr","locations":[{"start":{"line":414,"column":50},"end":{"line":414,"column":69}},{"start":{"line":414,"column":73},"end":{"line":414,"column":92}}],"line":414},"78":{"loc":{"start":{"line":415,"column":61},"end":{"line":415,"column":103}},"type":"binary-expr","locations":[{"start":{"line":415,"column":61},"end":{"line":415,"column":80}},{"start":{"line":415,"column":84},"end":{"line":415,"column":103}}],"line":415},"79":{"loc":{"start":{"line":423,"column":14},"end":{"line":426,"column":15}},"type":"if","locations":[{"start":{"line":423,"column":14},"end":{"line":426,"column":15}},{"start":{},"end":{}}],"line":423},"80":{"loc":{"start":{"line":424,"column":50},"end":{"line":424,"column":92}},"type":"binary-expr","locations":[{"start":{"line":424,"column":50},"end":{"line":424,"column":69}},{"start":{"line":424,"column":73},"end":{"line":424,"column":92}}],"line":424},"81":{"loc":{"start":{"line":425,"column":61},"end":{"line":425,"column":103}},"type":"binary-expr","locations":[{"start":{"line":425,"column":61},"end":{"line":425,"column":80}},{"start":{"line":425,"column":84},"end":{"line":425,"column":103}}],"line":425},"82":{"loc":{"start":{"line":430,"column":14},"end":{"line":433,"column":15}},"type":"if","locations":[{"start":{"line":430,"column":14},"end":{"line":433,"column":15}},{"start":{},"end":{}}],"line":430},"83":{"loc":{"start":{"line":431,"column":52},"end":{"line":431,"column":94}},"type":"binary-expr","locations":[{"start":{"line":431,"column":52},"end":{"line":431,"column":71}},{"start":{"line":431,"column":75},"end":{"line":431,"column":94}}],"line":431},"84":{"loc":{"start":{"line":432,"column":63},"end":{"line":432,"column":105}},"type":"binary-expr","locations":[{"start":{"line":432,"column":63},"end":{"line":432,"column":82}},{"start":{"line":432,"column":86},"end":{"line":432,"column":105}}],"line":432},"85":{"loc":{"start":{"line":436,"column":10},"end":{"line":438,"column":11}},"type":"if","locations":[{"start":{"line":436,"column":10},"end":{"line":438,"column":11}},{"start":{},"end":{}}],"line":436},"86":{"loc":{"start":{"line":436,"column":14},"end":{"line":436,"column":87}},"type":"binary-expr","locations":[{"start":{"line":436,"column":14},"end":{"line":436,"column":24}},{"start":{"line":436,"column":28},"end":{"line":436,"column":87}}],"line":436},"87":{"loc":{"start":{"line":444,"column":8},"end":{"line":458,"column":9}},"type":"if","locations":[{"start":{"line":444,"column":8},"end":{"line":458,"column":9}},{"start":{},"end":{}}],"line":444},"88":{"loc":{"start":{"line":446,"column":23},"end":{"line":446,"column":92}},"type":"binary-expr","locations":[{"start":{"line":446,"column":23},"end":{"line":446,"column":74}},{"start":{"line":446,"column":78},"end":{"line":446,"column":86}},{"start":{"line":446,"column":90},"end":{"line":446,"column":92}}],"line":446},"89":{"loc":{"start":{"line":447,"column":10},"end":{"line":457,"column":11}},"type":"switch","locations":[{"start":{"line":448,"column":12},"end":{"line":450,"column":20}},{"start":{"line":451,"column":12},"end":{"line":453,"column":20}},{"start":{"line":454,"column":12},"end":{"line":456,"column":20}}],"line":447},"90":{"loc":{"start":{"line":463,"column":8},"end":{"line":465,"column":9}},"type":"if","locations":[{"start":{"line":463,"column":8},"end":{"line":465,"column":9}},{"start":{},"end":{}}],"line":463},"91":{"loc":{"start":{"line":464,"column":42},"end":{"line":464,"column":65}},"type":"binary-expr","locations":[{"start":{"line":464,"column":42},"end":{"line":464,"column":60}},{"start":{"line":464,"column":64},"end":{"line":464,"column":65}}],"line":464},"92":{"loc":{"start":{"line":466,"column":8},"end":{"line":468,"column":9}},"type":"if","locations":[{"start":{"line":466,"column":8},"end":{"line":468,"column":9}},{"start":{},"end":{}}],"line":466},"93":{"loc":{"start":{"line":473,"column":8},"end":{"line":475,"column":9}},"type":"if","locations":[{"start":{"line":473,"column":8},"end":{"line":475,"column":9}},{"start":{},"end":{}}],"line":473},"94":{"loc":{"start":{"line":473,"column":12},"end":{"line":473,"column":50}},"type":"binary-expr","locations":[{"start":{"line":473,"column":12},"end":{"line":473,"column":30}},{"start":{"line":473,"column":34},"end":{"line":473,"column":50}}],"line":473},"95":{"loc":{"start":{"line":480,"column":8},"end":{"line":483,"column":9}},"type":"if","locations":[{"start":{"line":480,"column":8},"end":{"line":483,"column":9}},{"start":{},"end":{}}],"line":480},"96":{"loc":{"start":{"line":482,"column":40},"end":{"line":482,"column":81}},"type":"binary-expr","locations":[{"start":{"line":482,"column":40},"end":{"line":482,"column":50}},{"start":{"line":482,"column":54},"end":{"line":482,"column":81}}],"line":482},"97":{"loc":{"start":{"line":488,"column":8},"end":{"line":490,"column":9}},"type":"if","locations":[{"start":{"line":488,"column":8},"end":{"line":490,"column":9}},{"start":{},"end":{}}],"line":488},"98":{"loc":{"start":{"line":495,"column":8},"end":{"line":507,"column":9}},"type":"if","locations":[{"start":{"line":495,"column":8},"end":{"line":507,"column":9}},{"start":{},"end":{}}],"line":495},"99":{"loc":{"start":{"line":495,"column":12},"end":{"line":495,"column":41}},"type":"binary-expr","locations":[{"start":{"line":495,"column":12},"end":{"line":495,"column":29}},{"start":{"line":495,"column":33},"end":{"line":495,"column":41}}],"line":495},"100":{"loc":{"start":{"line":498,"column":18},"end":{"line":498,"column":32}},"type":"binary-expr","locations":[{"start":{"line":498,"column":18},"end":{"line":498,"column":26}},{"start":{"line":498,"column":30},"end":{"line":498,"column":32}}],"line":498},"101":{"loc":{"start":{"line":499,"column":22},"end":{"line":499,"column":45}},"type":"binary-expr","locations":[{"start":{"line":499,"column":22},"end":{"line":499,"column":40}},{"start":{"line":499,"column":44},"end":{"line":499,"column":45}}],"line":499},"102":{"loc":{"start":{"line":512,"column":8},"end":{"line":517,"column":9}},"type":"if","locations":[{"start":{"line":512,"column":8},"end":{"line":517,"column":9}},{"start":{},"end":{}}],"line":512},"103":{"loc":{"start":{"line":512,"column":12},"end":{"line":512,"column":62}},"type":"binary-expr","locations":[{"start":{"line":512,"column":12},"end":{"line":512,"column":30}},{"start":{"line":512,"column":34},"end":{"line":512,"column":50}},{"start":{"line":512,"column":54},"end":{"line":512,"column":62}}],"line":512},"104":{"loc":{"start":{"line":514,"column":10},"end":{"line":516,"column":11}},"type":"if","locations":[{"start":{"line":514,"column":10},"end":{"line":516,"column":11}},{"start":{},"end":{}}],"line":514},"105":{"loc":{"start":{"line":515,"column":47},"end":{"line":515,"column":109}},"type":"binary-expr","locations":[{"start":{"line":515,"column":47},"end":{"line":515,"column":73}},{"start":{"line":515,"column":77},"end":{"line":515,"column":109}}],"line":515},"106":{"loc":{"start":{"line":523,"column":8},"end":{"line":565,"column":9}},"type":"if","locations":[{"start":{"line":523,"column":8},"end":{"line":565,"column":9}},{"start":{},"end":{}}],"line":523},"107":{"loc":{"start":{"line":524,"column":10},"end":{"line":526,"column":11}},"type":"if","locations":[{"start":{"line":524,"column":10},"end":{"line":526,"column":11}},{"start":{},"end":{}}],"line":524},"108":{"loc":{"start":{"line":524,"column":14},"end":{"line":524,"column":62}},"type":"binary-expr","locations":[{"start":{"line":524,"column":14},"end":{"line":524,"column":33}},{"start":{"line":524,"column":37},"end":{"line":524,"column":62}}],"line":524},"109":{"loc":{"start":{"line":529,"column":19},"end":{"line":529,"column":33}},"type":"binary-expr","locations":[{"start":{"line":529,"column":19},"end":{"line":529,"column":27}},{"start":{"line":529,"column":31},"end":{"line":529,"column":33}}],"line":529},"110":{"loc":{"start":{"line":530,"column":20},"end":{"line":530,"column":34}},"type":"binary-expr","locations":[{"start":{"line":530,"column":20},"end":{"line":530,"column":28}},{"start":{"line":530,"column":32},"end":{"line":530,"column":34}}],"line":530},"111":{"loc":{"start":{"line":531,"column":21},"end":{"line":531,"column":80}},"type":"binary-expr","locations":[{"start":{"line":531,"column":21},"end":{"line":531,"column":74}},{"start":{"line":531,"column":78},"end":{"line":531,"column":80}}],"line":531},"112":{"loc":{"start":{"line":539,"column":22},"end":{"line":539,"column":49}},"type":"binary-expr","locations":[{"start":{"line":539,"column":22},"end":{"line":539,"column":44}},{"start":{"line":539,"column":48},"end":{"line":539,"column":49}}],"line":539},"113":{"loc":{"start":{"line":540,"column":18},"end":{"line":540,"column":32}},"type":"binary-expr","locations":[{"start":{"line":540,"column":18},"end":{"line":540,"column":26}},{"start":{"line":540,"column":30},"end":{"line":540,"column":32}}],"line":540},"114":{"loc":{"start":{"line":543,"column":20},"end":{"line":543,"column":34}},"type":"binary-expr","locations":[{"start":{"line":543,"column":20},"end":{"line":543,"column":28}},{"start":{"line":543,"column":32},"end":{"line":543,"column":34}}],"line":543},"115":{"loc":{"start":{"line":552,"column":10},"end":{"line":564,"column":11}},"type":"if","locations":[{"start":{"line":552,"column":10},"end":{"line":564,"column":11}},{"start":{},"end":{}}],"line":552},"116":{"loc":{"start":{"line":554,"column":12},"end":{"line":563,"column":13}},"type":"if","locations":[{"start":{"line":554,"column":12},"end":{"line":563,"column":13}},{"start":{"line":560,"column":19},"end":{"line":563,"column":13}}],"line":554},"117":{"loc":{"start":{"line":570,"column":8},"end":{"line":572,"column":9}},"type":"if","locations":[{"start":{"line":570,"column":8},"end":{"line":572,"column":9}},{"start":{},"end":{}}],"line":570},"118":{"loc":{"start":{"line":573,"column":8},"end":{"line":575,"column":9}},"type":"if","locations":[{"start":{"line":573,"column":8},"end":{"line":575,"column":9}},{"start":{},"end":{}}],"line":573},"119":{"loc":{"start":{"line":580,"column":8},"end":{"line":582,"column":9}},"type":"if","locations":[{"start":{"line":580,"column":8},"end":{"line":582,"column":9}},{"start":{},"end":{}}],"line":580},"120":{"loc":{"start":{"line":580,"column":12},"end":{"line":580,"column":40}},"type":"binary-expr","locations":[{"start":{"line":580,"column":12},"end":{"line":580,"column":28}},{"start":{"line":580,"column":32},"end":{"line":580,"column":40}}],"line":580},"121":{"loc":{"start":{"line":583,"column":8},"end":{"line":591,"column":9}},"type":"if","locations":[{"start":{"line":583,"column":8},"end":{"line":591,"column":9}},{"start":{},"end":{}}],"line":583},"122":{"loc":{"start":{"line":583,"column":12},"end":{"line":583,"column":40}},"type":"binary-expr","locations":[{"start":{"line":583,"column":12},"end":{"line":583,"column":28}},{"start":{"line":583,"column":32},"end":{"line":583,"column":40}}],"line":583},"123":{"loc":{"start":{"line":586,"column":12},"end":{"line":590,"column":27}},"type":"cond-expr","locations":[{"start":{"line":587,"column":16},"end":{"line":587,"column":25}},{"start":{"line":588,"column":16},"end":{"line":590,"column":27}}],"line":586},"124":{"loc":{"start":{"line":588,"column":16},"end":{"line":590,"column":27}},"type":"cond-expr","locations":[{"start":{"line":589,"column":16},"end":{"line":589,"column":25}},{"start":{"line":590,"column":16},"end":{"line":590,"column":27}}],"line":588},"125":{"loc":{"start":{"line":597,"column":8},"end":{"line":612,"column":9}},"type":"if","locations":[{"start":{"line":597,"column":8},"end":{"line":612,"column":9}},{"start":{},"end":{}}],"line":597},"126":{"loc":{"start":{"line":598,"column":10},"end":{"line":600,"column":11}},"type":"if","locations":[{"start":{"line":598,"column":10},"end":{"line":600,"column":11}},{"start":{},"end":{}}],"line":598},"127":{"loc":{"start":{"line":598,"column":14},"end":{"line":598,"column":62}},"type":"binary-expr","locations":[{"start":{"line":598,"column":14},"end":{"line":598,"column":24}},{"start":{"line":598,"column":28},"end":{"line":598,"column":62}}],"line":598},"128":{"loc":{"start":{"line":603,"column":18},"end":{"line":603,"column":38}},"type":"binary-expr","locations":[{"start":{"line":603,"column":18},"end":{"line":603,"column":32}},{"start":{"line":603,"column":36},"end":{"line":603,"column":38}}],"line":603},"129":{"loc":{"start":{"line":604,"column":23},"end":{"line":604,"column":43}},"type":"binary-expr","locations":[{"start":{"line":604,"column":23},"end":{"line":604,"column":37}},{"start":{"line":604,"column":41},"end":{"line":604,"column":43}}],"line":604},"130":{"loc":{"start":{"line":617,"column":8},"end":{"line":620,"column":9}},"type":"if","locations":[{"start":{"line":617,"column":8},"end":{"line":620,"column":9}},{"start":{},"end":{}}],"line":617},"131":{"loc":{"start":{"line":617,"column":12},"end":{"line":617,"column":34}},"type":"binary-expr","locations":[{"start":{"line":617,"column":12},"end":{"line":617,"column":20}},{"start":{"line":617,"column":24},"end":{"line":617,"column":34}}],"line":617},"132":{"loc":{"start":{"line":619,"column":33},"end":{"line":619,"column":63}},"type":"binary-expr","locations":[{"start":{"line":619,"column":33},"end":{"line":619,"column":58}},{"start":{"line":619,"column":62},"end":{"line":619,"column":63}}],"line":619},"133":{"loc":{"start":{"line":625,"column":8},"end":{"line":629,"column":9}},"type":"if","locations":[{"start":{"line":625,"column":8},"end":{"line":629,"column":9}},{"start":{},"end":{}}],"line":625},"134":{"loc":{"start":{"line":625,"column":12},"end":{"line":625,"column":34}},"type":"binary-expr","locations":[{"start":{"line":625,"column":12},"end":{"line":625,"column":20}},{"start":{"line":625,"column":24},"end":{"line":625,"column":34}}],"line":625},"135":{"loc":{"start":{"line":627,"column":32},"end":{"line":627,"column":58}},"type":"binary-expr","locations":[{"start":{"line":627,"column":32},"end":{"line":627,"column":53}},{"start":{"line":627,"column":57},"end":{"line":627,"column":58}}],"line":627},"136":{"loc":{"start":{"line":628,"column":37},"end":{"line":628,"column":76}},"type":"binary-expr","locations":[{"start":{"line":628,"column":37},"end":{"line":628,"column":48}},{"start":{"line":628,"column":52},"end":{"line":628,"column":76}}],"line":628},"137":{"loc":{"start":{"line":634,"column":8},"end":{"line":641,"column":9}},"type":"if","locations":[{"start":{"line":634,"column":8},"end":{"line":641,"column":9}},{"start":{},"end":{}}],"line":634},"138":{"loc":{"start":{"line":636,"column":27},"end":{"line":636,"column":63}},"type":"binary-expr","locations":[{"start":{"line":636,"column":27},"end":{"line":636,"column":43}},{"start":{"line":636,"column":47},"end":{"line":636,"column":63}}],"line":636},"139":{"loc":{"start":{"line":638,"column":10},"end":{"line":640,"column":11}},"type":"if","locations":[{"start":{"line":638,"column":10},"end":{"line":640,"column":11}},{"start":{},"end":{}}],"line":638},"140":{"loc":{"start":{"line":646,"column":10},"end":{"line":657,"column":11}},"type":"if","locations":[{"start":{"line":646,"column":10},"end":{"line":657,"column":11}},{"start":{},"end":{}}],"line":646},"141":{"loc":{"start":{"line":646,"column":14},"end":{"line":646,"column":34}},"type":"binary-expr","locations":[{"start":{"line":646,"column":14},"end":{"line":646,"column":22}},{"start":{"line":646,"column":26},"end":{"line":646,"column":34}}],"line":646},"142":{"loc":{"start":{"line":650,"column":21},"end":{"line":650,"column":46}},"type":"binary-expr","locations":[{"start":{"line":650,"column":21},"end":{"line":650,"column":41}},{"start":{"line":650,"column":45},"end":{"line":650,"column":46}}],"line":650},"143":{"loc":{"start":{"line":653,"column":12},"end":{"line":656,"column":13}},"type":"if","locations":[{"start":{"line":653,"column":12},"end":{"line":656,"column":13}},{"start":{},"end":{}}],"line":653},"144":{"loc":{"start":{"line":655,"column":16},"end":{"line":655,"column":41}},"type":"binary-expr","locations":[{"start":{"line":655,"column":16},"end":{"line":655,"column":36}},{"start":{"line":655,"column":40},"end":{"line":655,"column":41}}],"line":655},"145":{"loc":{"start":{"line":662,"column":8},"end":{"line":673,"column":9}},"type":"if","locations":[{"start":{"line":662,"column":8},"end":{"line":673,"column":9}},{"start":{},"end":{}}],"line":662},"146":{"loc":{"start":{"line":662,"column":12},"end":{"line":662,"column":32}},"type":"binary-expr","locations":[{"start":{"line":662,"column":12},"end":{"line":662,"column":20}},{"start":{"line":662,"column":24},"end":{"line":662,"column":32}}],"line":662},"147":{"loc":{"start":{"line":670,"column":10},"end":{"line":672,"column":11}},"type":"if","locations":[{"start":{"line":670,"column":10},"end":{"line":672,"column":11}},{"start":{},"end":{}}],"line":670},"148":{"loc":{"start":{"line":671,"column":40},"end":{"line":671,"column":67}},"type":"binary-expr","locations":[{"start":{"line":671,"column":40},"end":{"line":671,"column":62}},{"start":{"line":671,"column":66},"end":{"line":671,"column":67}}],"line":671},"149":{"loc":{"start":{"line":678,"column":8},"end":{"line":686,"column":9}},"type":"if","locations":[{"start":{"line":678,"column":8},"end":{"line":686,"column":9}},{"start":{},"end":{}}],"line":678},"150":{"loc":{"start":{"line":680,"column":10},"end":{"line":685,"column":11}},"type":"if","locations":[{"start":{"line":680,"column":10},"end":{"line":685,"column":11}},{"start":{},"end":{}}],"line":680},"151":{"loc":{"start":{"line":683,"column":20},"end":{"line":683,"column":34}},"type":"binary-expr","locations":[{"start":{"line":683,"column":20},"end":{"line":683,"column":28}},{"start":{"line":683,"column":32},"end":{"line":683,"column":34}}],"line":683},"152":{"loc":{"start":{"line":691,"column":8},"end":{"line":696,"column":9}},"type":"if","locations":[{"start":{"line":691,"column":8},"end":{"line":696,"column":9}},{"start":{},"end":{}}],"line":691},"153":{"loc":{"start":{"line":693,"column":10},"end":{"line":695,"column":11}},"type":"if","locations":[{"start":{"line":693,"column":10},"end":{"line":695,"column":11}},{"start":{},"end":{}}],"line":693},"154":{"loc":{"start":{"line":700,"column":4},"end":{"line":703,"column":5}},"type":"if","locations":[{"start":{"line":700,"column":4},"end":{"line":703,"column":5}},{"start":{},"end":{}}],"line":700},"155":{"loc":{"start":{"line":706,"column":2},"end":{"line":708,"column":3}},"type":"if","locations":[{"start":{"line":706,"column":2},"end":{"line":708,"column":3}},{"start":{},"end":{}}],"line":706},"156":{"loc":{"start":{"line":733,"column":4},"end":{"line":743,"column":5}},"type":"if","locations":[{"start":{"line":733,"column":4},"end":{"line":743,"column":5}},{"start":{},"end":{}}],"line":733},"157":{"loc":{"start":{"line":734,"column":6},"end":{"line":736,"column":21}},"type":"binary-expr","locations":[{"start":{"line":734,"column":6},"end":{"line":734,"column":21}},{"start":{"line":735,"column":6},"end":{"line":735,"column":26}},{"start":{"line":736,"column":6},"end":{"line":736,"column":21}}],"line":734},"158":{"loc":{"start":{"line":763,"column":4},"end":{"line":765,"column":5}},"type":"if","locations":[{"start":{"line":763,"column":4},"end":{"line":765,"column":5}},{"start":{},"end":{}}],"line":763},"159":{"loc":{"start":{"line":782,"column":4},"end":{"line":784,"column":5}},"type":"if","locations":[{"start":{"line":782,"column":4},"end":{"line":784,"column":5}},{"start":{},"end":{}}],"line":782},"160":{"loc":{"start":{"line":786,"column":21},"end":{"line":786,"column":79}},"type":"binary-expr","locations":[{"start":{"line":786,"column":21},"end":{"line":786,"column":49}},{"start":{"line":786,"column":53},"end":{"line":786,"column":79}}],"line":786},"161":{"loc":{"start":{"line":787,"column":24},"end":{"line":789,"column":12}},"type":"cond-expr","locations":[{"start":{"line":788,"column":8},"end":{"line":788,"column":40}},{"start":{"line":789,"column":8},"end":{"line":789,"column":12}}],"line":787},"162":{"loc":{"start":{"line":792,"column":4},"end":{"line":797,"column":5}},"type":"if","locations":[{"start":{"line":792,"column":4},"end":{"line":797,"column":5}},{"start":{"line":794,"column":11},"end":{"line":797,"column":5}}],"line":792},"163":{"loc":{"start":{"line":800,"column":6},"end":{"line":802,"column":37}},"type":"cond-expr","locations":[{"start":{"line":801,"column":10},"end":{"line":801,"column":20}},{"start":{"line":802,"column":10},"end":{"line":802,"column":37}}],"line":800},"164":{"loc":{"start":{"line":800,"column":6},"end":{"line":800,"column":87}},"type":"binary-expr","locations":[{"start":{"line":800,"column":6},"end":{"line":800,"column":16}},{"start":{"line":800,"column":20},"end":{"line":800,"column":46}},{"start":{"line":800,"column":50},"end":{"line":800,"column":87}}],"line":800},"165":{"loc":{"start":{"line":804,"column":4},"end":{"line":806,"column":5}},"type":"if","locations":[{"start":{"line":804,"column":4},"end":{"line":806,"column":5}},{"start":{},"end":{}}],"line":804},"166":{"loc":{"start":{"line":804,"column":8},"end":{"line":804,"column":70}},"type":"binary-expr","locations":[{"start":{"line":804,"column":8},"end":{"line":804,"column":31}},{"start":{"line":804,"column":35},"end":{"line":804,"column":70}}],"line":804},"167":{"loc":{"start":{"line":811,"column":6},"end":{"line":813,"column":42}},"type":"binary-expr","locations":[{"start":{"line":811,"column":6},"end":{"line":811,"column":25}},{"start":{"line":812,"column":6},"end":{"line":812,"column":42}},{"start":{"line":813,"column":6},"end":{"line":813,"column":42}}],"line":811},"168":{"loc":{"start":{"line":815,"column":6},"end":{"line":817,"column":47}},"type":"binary-expr","locations":[{"start":{"line":815,"column":6},"end":{"line":815,"column":30}},{"start":{"line":816,"column":6},"end":{"line":816,"column":47}},{"start":{"line":817,"column":6},"end":{"line":817,"column":47}}],"line":815},"169":{"loc":{"start":{"line":819,"column":4},"end":{"line":821,"column":5}},"type":"if","locations":[{"start":{"line":819,"column":4},"end":{"line":821,"column":5}},{"start":{},"end":{}}],"line":819},"170":{"loc":{"start":{"line":819,"column":8},"end":{"line":819,"column":31}},"type":"binary-expr","locations":[{"start":{"line":819,"column":8},"end":{"line":819,"column":15}},{"start":{"line":819,"column":19},"end":{"line":819,"column":31}}],"line":819},"171":{"loc":{"start":{"line":841,"column":4},"end":{"line":843,"column":5}},"type":"if","locations":[{"start":{"line":841,"column":4},"end":{"line":843,"column":5}},{"start":{},"end":{}}],"line":841},"172":{"loc":{"start":{"line":854,"column":4},"end":{"line":856,"column":5}},"type":"if","locations":[{"start":{"line":854,"column":4},"end":{"line":856,"column":5}},{"start":{},"end":{}}],"line":854},"173":{"loc":{"start":{"line":867,"column":4},"end":{"line":869,"column":5}},"type":"if","locations":[{"start":{"line":867,"column":4},"end":{"line":869,"column":5}},{"start":{},"end":{}}],"line":867}},"s":{"0":2,"1":6,"2":5,"3":0,"4":5,"5":5,"6":5,"7":5,"8":5,"9":0,"10":0,"11":0,"12":5,"13":2,"14":2,"15":2,"16":3,"17":3,"18":3,"19":3,"20":0,"21":5,"22":5,"23":0,"24":5,"25":5,"26":5,"27":3,"28":3,"29":5,"30":2,"31":0,"32":2,"33":2,"34":4,"35":2,"36":0,"37":2,"38":0,"39":2,"40":0,"41":0,"42":0,"43":0,"44":0,"45":0,"46":0,"47":0,"48":3,"49":3,"50":26,"51":3,"52":3,"53":3,"54":3,"55":3,"56":3,"57":3,"58":3,"59":3,"60":25,"61":3,"62":3,"63":3,"64":3,"65":3,"66":3,"67":2,"68":1,"69":1,"70":1,"71":3,"72":4,"73":2,"74":2,"75":0,"76":0,"77":2,"78":2,"79":2,"80":2,"81":0,"82":2,"83":1,"84":1,"85":1,"86":1,"87":1,"88":1,"89":2,"90":4,"91":4,"92":4,"93":4,"94":3,"95":2,"96":3,"97":0,"98":0,"99":0,"100":0,"101":0,"102":0,"103":3,"104":25,"105":25,"106":25,"107":2,"108":2,"109":2,"110":2,"111":2,"112":2,"113":23,"114":2,"115":2,"116":21,"117":6,"118":15,"119":1,"120":1,"121":1,"122":1,"123":1,"124":1,"125":0,"126":0,"127":1,"128":2,"129":2,"130":2,"131":2,"132":2,"133":2,"134":2,"135":2,"136":2,"137":2,"138":0,"139":0,"140":2,"141":2,"142":2,"143":2,"144":2,"145":0,"146":0,"147":0,"148":0,"149":0,"150":2,"151":2,"152":2,"153":2,"154":2,"155":2,"156":0,"157":0,"158":0,"159":0,"160":0,"161":0,"162":0,"163":0,"164":0,"165":0,"166":0,"167":0,"168":0,"169":0,"170":0,"171":0,"172":1,"173":1,"174":0,"175":0,"176":1,"177":1,"178":1,"179":0,"180":0,"181":1,"182":2,"183":0,"184":2,"185":3,"186":3,"187":3,"188":3,"189":1,"190":1,"191":1,"192":1,"193":1,"194":1,"195":3,"196":1,"197":1,"198":1,"199":1,"200":1,"201":1,"202":1,"203":1,"204":0,"205":0,"206":0,"207":0,"208":0,"209":0,"210":0,"211":0,"212":0,"213":0,"214":0,"215":1,"216":1,"217":1,"218":1,"219":1,"220":2,"221":2,"222":1,"223":2,"224":2,"225":2,"226":2,"227":2,"228":2,"229":2,"230":2,"231":2,"232":2,"233":0,"234":0,"235":2,"236":0,"237":0,"238":0,"239":0,"240":0,"241":0,"242":0,"243":0,"244":0,"245":0,"246":0,"247":0,"248":0,"249":0,"250":0,"251":0,"252":0,"253":0,"254":0,"255":0,"256":0,"257":0,"258":0,"259":0,"260":0,"261":0,"262":0,"263":0,"264":0,"265":0,"266":0,"267":0,"268":0,"269":0,"270":0,"271":0,"272":0,"273":0,"274":0,"275":0,"276":0,"277":0,"278":0,"279":0,"280":0,"281":0,"282":0,"283":0,"284":0,"285":0,"286":0,"287":0,"288":0,"289":0,"290":15,"291":15,"292":3,"293":0,"294":3,"295":0,"296":0,"297":0,"298":0,"299":0,"300":0,"301":0,"302":0,"303":0,"304":0,"305":0,"306":0,"307":0,"308":0,"309":0,"310":0,"311":0,"312":0,"313":0,"314":0,"315":0,"316":0,"317":0,"318":0,"319":0,"320":0,"321":0,"322":0,"323":0,"324":0,"325":0,"326":0,"327":0,"328":0,"329":0,"330":0,"331":0,"332":0,"333":0,"334":0,"335":0,"336":0,"337":0,"338":0,"339":0,"340":0,"341":0,"342":0,"343":0,"344":0,"345":0,"346":0,"347":0,"348":0,"349":0,"350":0,"351":0,"352":0,"353":0,"354":0,"355":0,"356":0,"357":0},"f":{"0":6,"1":5,"2":2,"3":4,"4":0,"5":3,"6":26,"7":3,"8":25,"9":2,"10":4,"11":2,"12":2,"13":0,"14":0,"15":25,"16":0,"17":0,"18":0,"19":0,"20":0,"21":0,"22":0,"23":0},"b":{"0":[6,0,0],"1":[0,5],"2":[5,5],"3":[0,5],"4":[2,3],"5":[3,0],"6":[0,5],"7":[0,5],"8":[5,2],"9":[3,2],"10":[5,3],"11":[0,5],"12":[0,2],"13":[2,2],"14":[0,2],"15":[0,2],"16":[0,0],"17":[0,0],"18":[0,0],"19":[3,0],"20":[3,0],"21":[3,0],"22":[3,0],"23":[3,0],"24":[3,0],"25":[3,0],"26":[3,0],"27":[3,0],"28":[3,1],"29":[1,1],"30":[2,1],"31":[2,2],"32":[0,2],"33":[2,0],"34":[2,0],"35":[2,1],"36":[1,1],"37":[1,0],"38":[1,1],"39":[1,0],"40":[1,1],"41":[1,0],"42":[1,0],"43":[1,0],"44":[1,1],"45":[2,1],"46":[4,1],"47":[4,2,2],"48":[4,2,2],"49":[4,2],"50":[4,1],"51":[4,2],"52":[0,0],"53":[2,23],"54":[2,0],"55":[2,0],"56":[2,21],"57":[6,15],"58":[15,2,2,2,3,1,1,0,0,0,1,2,0,0,0,0,0,0,0,0,0,0],"59":[1,0],"60":[1,0],"61":[1,1],"62":[0,0],"63":[0,0],"64":[2,0],"65":[2,0],"66":[2,0],"67":[0,2,0],"68":[2,0],"69":[0,0],"70":[2,0],"71":[2,2],"72":[0,0,0,0,0,1,1],"73":[0,0],"74":[0,0],"75":[0,0],"76":[0,0],"77":[0,0],"78":[0,0],"79":[0,1],"80":[0,0],"81":[0,0],"82":[0,1],"83":[0,0],"84":[0,0],"85":[0,2],"86":[2,0],"87":[3,0],"88":[3,0,0],"89":[1,1,1],"90":[1,0],"91":[1,0],"92":[1,0],"93":[1,0],"94":[1,1],"95":[0,0],"96":[0,0],"97":[0,0],"98":[0,0],"99":[0,0],"100":[0,0],"101":[0,0],"102":[1,0],"103":[1,1,1],"104":[1,0],"105":[1,0],"106":[2,0],"107":[1,1],"108":[2,1],"109":[2,0],"110":[2,0],"111":[2,2],"112":[2,0],"113":[2,0],"114":[2,0],"115":[2,0],"116":[2,0],"117":[0,0],"118":[0,0],"119":[0,0],"120":[0,0],"121":[0,0],"122":[0,0],"123":[0,0],"124":[0,0],"125":[0,0],"126":[0,0],"127":[0,0],"128":[0,0],"129":[0,0],"130":[0,0],"131":[0,0],"132":[0,0],"133":[0,0],"134":[0,0],"135":[0,0],"136":[0,0],"137":[0,0],"138":[0,0],"139":[0,0],"140":[0,0],"141":[0,0],"142":[0,0],"143":[0,0],"144":[0,0],"145":[0,0],"146":[0,0],"147":[0,0],"148":[0,0],"149":[0,0],"150":[0,0],"151":[0,0],"152":[0,0],"153":[0,0],"154":[15,0],"155":[0,3],"156":[0,0],"157":[0,0,0],"158":[0,0],"159":[0,0],"160":[0,0],"161":[0,0],"162":[0,0],"163":[0,0],"164":[0,0,0],"165":[0,0],"166":[0,0],"167":[0,0,0],"168":[0,0,0],"169":[0,0],"170":[0,0],"171":[0,0],"172":[0,0],"173":[0,0]},"meta":{"lastBranch":174,"lastFunction":24,"lastStatement":358,"seen":{"s:13:25:22:1":0,"f:24:9:24:23":0,"s:25:2:25:72":1,"b:25:9:25:46:25:50:25:54:25:58:25:71":0,"f:30:9:30:21":1,"b:31:2:31:59:undefined:undefined:undefined:undefined":1,"s:31:2:31:59":2,"b:31:6:31:14:31:18:31:45":2,"s:31:47:31:59":3,"s:33:31:33:52":4,"s:34:13:34:17":5,"s:35:14:35:18":6,"s:36:12:36:16":7,"b:38:2:52:3:42:9:52:3":3,"s:38:2:52:3":8,"s:39:4:39:50":9,"s:40:4:40:51":10,"s:41:4:41:49":11,"b:42:9:52:3:46:9:52:3":4,"s:42:9:52:3":12,"s:43:4:43:50":13,"s:44:4:44:51":14,"s:45:4:45:49":15,"b:46:9:52:3:50:9:52:3":5,"s:46:9:52:3":16,"s:47:4:47:57":17,"s:48:4:48:51":18,"s:49:4:49:49":19,"s:51:4:51:16":20,"s:54:15:54:45":21,"b:55:2:55:48:undefined:undefined:undefined:undefined":6,"s:55:2:55:48":22,"s:55:36:55:48":23,"s:57:25:57:80":24,"b:57:50:57:75:57:78:57:80":7,"s:58:27:58:53":25,"b:58:27:58:35:58:39:58:53":8,"b:60:2:63:3:undefined:undefined:undefined:undefined":9,"s:60:2:63:3":26,"b:60:6:60:22:60:26:60:61":10,"s:61:4:61:66":27,"s:62:4:62:68":28,"s:65:2:65:52":29,"b:65:40:65:44:65:47:65:51":11,"f:68:9:68:27":2,"b:69:2:71:3:undefined:undefined:undefined:undefined":12,"s:69:2:71:3":30,"b:69:6:69:19:69:23:69:55":13,"s:70:4:70:34":31,"s:73:14:73:53":32,"s:74:16:74:73":33,"f:74:35:74:36":3,"s:74:45:74:56":34,"b:76:2:78:3:undefined:undefined:undefined:undefined":14,"s:76:2:78:3":35,"s:77:4:77:34":36,"b:80:2:82:3:undefined:undefined:undefined:undefined":15,"s:80:2:82:3":37,"s:81:4:81:46":38,"s:84:2:87:4":39,"f:92:9:92:22":4,"s:93:16:93:87":40,"s:94:16:94:33":41,"b:95:2:95:26:undefined:undefined:undefined:undefined":16,"s:95:2:95:26":42,"s:95:14:95:26":43,"s:97:16:97:30":44,"b:97:16:97:24:97:28:97:30":17,"s:98:16:98:51":45,"s:99:16:99:62":46,"b:99:31:99:54:99:57:99:62":18,"s:100:2:100:42":47,"f:106:16:106:31":5,"s:109:28:109:54":48,"s:110:19:113:20":49,"f:112:9:112:10":6,"s:112:16:112:24":50,"s:117:21:117:63":51,"f:117:35:117:36":7,"s:117:42:117:62":52,"s:118:16:126:3":53,"b:128:2:142:3:undefined:undefined:undefined:undefined":19,"s:128:2:142:3":54,"s:129:21:129:42":55,"b:130:4:141:5:undefine
[...]
d:undefined:undefined:undefined":6,"s:165:2:165:Infinity":45,"s:165:30:165:Infinity":46,"s:167:24:180:6":47,"f:168:12:168:13":14,"s:169:23:169:42":48,"s:170:6:173:Infinity":49,"b:170:13:170:31:171:8:171:28:172:8:172:26:173:8:173:26":7,"f:175:10:175:11":15,"b:176:6:178:Infinity:undefined:undefined:undefined:undefined":8,"s:176:6:178:Infinity":50,"s:177:8:177:Infinity":51,"s:179:6:179:Infinity":52,"s:182:16:182:18":53,"s:184:2:195:Infinity":54,"f:184:24:184:25":16,"s:185:17:185:66":55,"f:185:28:185:29":17,"s:185:37:185:65":56,"b:187:4:194:Infinity:189:11:194:Infinity":9,"s:187:4:194:Infinity":57,"s:188:6:188:Infinity":58,"s:190:6:193:Infinity":59,"s:197:2:207:Infinity":60,"f:198:10:198:11":18,"s:198:20:198:29":61,"f:199:9:199:10":19,"s:200:6:205:Infinity":62,"f:202:16:202:17":20,"s:202:26:202:35":63,"f:203:15:203:16":21,"s:203:25:203:33":64,"f:210:9:210:26":22,"b:210:52:210:55":10,"s:211:2:211:Infinity":65,"f:214:9:214:38":23,"s:215:2:217:Infinity":66,"f:216:12:216:13":24,"s:216:22:216:47":67,"f:220:9:220:32":25,"s:221:20:221:71":68,"b:221:33:221:50:221:54:221:56":11,"s:222:19:222:38":69,"b:222:19:222:32:222:36:222:38":12,"b:224:2:226:Infinity:undefined:undefined:undefined:undefined":13,"s:224:2:226:Infinity":70,"b:224:6:224:36:224:40:224:60":14,"s:225:4:225:Infinity":71,"b:228:2:233:Infinity:undefined:undefined:undefined:undefined":15,"s:228:2:233:Infinity":72,"b:229:4:229:33:230:4:230:Infinity":16,"s:232:4:232:Infinity":73,"s:235:2:235:Infinity":74,"f:238:15:238:39":26,"s:240:4:244:6":75,"s:247:4:247:29":76,"s:249:13:249:15":77,"s:250:20:250:22":78,"s:251:22:251:24":79,"s:253:2:274:Infinity":80,"s:254:12:254:13":81,"s:260:6:260:26":82,"s:263:6:265:8":83,"s:266:21:266:51":84,"s:268:21:268:46":85,"s:270:4:270:Infinity":86,"s:271:4:271:Infinity":87,"s:272:4:272:Infinity":88,"s:273:4:273:Infinity":89,"s:276:2:280:Infinity":90,"f:283:15:283:33":27,"s:284:17:287:3":91,"s:289:2:289:Infinity":92,"b:289:22:289:40:289:44:289:46":17,"f:292:9:292:21":28,"s:293:2:297:Infinity":93,"b:293:16:293:21:293:25:293:27":18,"f:300:15:300:41":29,"s:301:15:301:47":94,"s:303:2:307:Infinity":95,"f:310:15:310:46":30,"s:311:18:313:3":96,"s:314:20:314:51":97,"s:316:2:347:Infinity":98,"s:317:4:317:Infinity":99,"s:319:4:324:Infinity":100,"s:326:23:328:71":101,"f:327:14:327:15":31,"s:327:28:327:59":102,"f:328:12:328:13":32,"s:328:22:328:70":103,"s:330:22:330:24":104,"s:332:4:335:Infinity":105,"s:333:24:333:53":106,"s:334:6:334:Infinity":107,"s:337:4:341:Infinity":108,"s:343:4:346:Infinity":109,"f:350:15:350:42":33,"s:351:23:351:52":110,"b:353:2:359:Infinity:undefined:undefined:undefined:undefined":19,"s:353:2:359:Infinity":111,"s:354:22:354:67":112,"s:355:4:358:Infinity":113,"b:361:2:365:Infinity:undefined:undefined:undefined:undefined":20,"s:361:2:365:Infinity":114,"s:362:18:362:51":115,"s:363:4:363:Infinity":116,"s:364:4:364:Infinity":117,"s:367:24:367:67":118,"b:369:2:374:Infinity:undefined:undefined:undefined:undefined":21,"s:369:2:374:Infinity":119,"s:370:4:373:Infinity":120,"s:376:20:376:70":121,"s:377:2:380:Infinity":122,"f:383:9:383:21":34,"s:384:16:384:61":123,"f:384:32:384:33":35,"s:384:42:384:60":124,"b:385:2:385:Infinity:undefined:undefined:undefined:undefined":22,"s:385:2:385:Infinity":125,"s:385:17:385:Infinity":126,"s:386:2:386:Infinity":127,"b:386:9:386:25:386:29:386:31":23,"f:389:9:389:25":36,"s:390:2:390:Infinity":128,"f:393:9:393:24":37,"s:394:2:394:Infinity":129,"b:394:9:394:73:394:77:394:79":24,"f:397:9:397:22":38,"s:398:2:400:Infinity":130,"b:398:16:398:21:398:25:398:27":25,"f:403:16:403:33":39,"s:404:16:406:3":131,"b:404:23:404:28:404:32:404:34":26,"b:408:2:408:Infinity:undefined:undefined:undefined:undefined":27,"s:408:2:408:Infinity":132,"s:408:14:408:Infinity":133,"s:410:17:423:3":134,"s:424:16:424:58":135,"s:425:14:425:39":136,"s:427:2:427:Infinity":137,"b:427:17:427:46:427:49:427:51":28,"f:430:9:430:23":40,"s:431:21:431:71":138,"f:431:37:431:38":41,"s:431:47:431:70":139,"b:432:2:432:Infinity:undefined:undefined:undefined:undefined":29,"s:432:2:432:Infinity":140,"s:432:22:432:Infinity":141,"s:434:20:434:22":142,"s:436:2:440:Infinity":143,"s:436:15:436:29":144,"s:437:17:437:25":145,"b:438:4:438:Infinity:undefined:undefined:undefined:undefined":30,"s:438:4:438:Infinity":146,"s:438:31:438:Infinity":147,"s:439:4:439:Infinity":148,"s:442:2:442:Infinity":149,"f:445:9:445:26":42,"s:447:4:447:296":150,"s:449:2:457:Infinity":151,"f:450:9:450:10":43,"s:451:6:455:Infinity":152,"f:457:12:457:13":44,"s:457:22:457:54":153,"b:457:22:457:26:457:30:457:54":31,"f:460:9:460:33":45,"s:461:16:461:76":154,"b:463:2:469:Infinity:undefined:undefined:undefined:undefined":32,"s:463:2:469:Infinity":155,"s:464:4:468:Infinity":156,"s:471:2:475:Infinity":157,"f:478:16:478:37":46,"s:479:17:479:66":158,"b:479:35:479:40:479:44:479:46":33,"b:480:2:480:Infinity:undefined:undefined:undefined:undefined":34,"s:480:2:480:Infinity":159,"s:480:28:480:Infinity":160,"s:481:2:481:Infinity":161,"f:484:9:484:28":47,"b:484:59:484:63":35,"s:485:18:485:36":162,"b:485:25:485:29:485:33:485:35":36,"s:486:22:486:62":163,"s:487:24:487:45":164,"b:489:2:497:Infinity:undefined:undefined:undefined:undefined":37,"s:489:2:497:Infinity":165,"s:490:23:492:5":166,"b:494:4:496:Infinity:undefined:undefined:undefined:undefined":38,"s:494:4:496:Infinity":167,"s:495:6:495:Infinity":168,"s:499:23:501:3":169,"s:503:2:503:Infinity":170,"b:503:24:503:57:503:60:503:62":39,"f:506:16:506:39":48,"s:507:2:510:Infinity":171,"b:507:9:507:67:508:4:508:48:509:4:509:60:510:4:510:29":40,"f:513:9:513:47":49,"s:514:2:517:Infinity":172,"b:514:16:514:21:514:25:514:27":41,"f:516:4:516:5":50,"s:516:31:516:Infinity":173,"f:520:16:520:51":51,"s:521:2:524:Infinity":174,"b:521:16:521:21:521:25:521:27":42,"f:523:4:523:5":52,"s:523:24:523:Infinity":175,"f:527:16:527:47":53,"b:528:2:530:Infinity:undefined:undefined:undefined:undefined":43,"s:528:2:530:Infinity":176,"s:529:4:529:Infinity":177,"f:529:21:529:22":54,"s:529:31:529:68":178,"b:532:2:539:Infinity:undefined:undefined:undefined:undefined":44,"s:532:2:539:Infinity":179,"b:532:6:532:11:532:15:532:40":45,"s:533:4:538:Infinity":180,"f:534:32:534:33":55,"s:534:49:537:7":181,"b:541:2:543:Infinity:undefined:undefined:undefined:undefined":46,"s:541:2:543:Infinity":182,"s:542:4:542:Infinity":183,"s:545:2:545:Infinity":184,"f:548:9:548:39":56,"s:549:16:552:20":185,"b:549:23:549:27:549:31:549:33":47,"s:553:22:555:3":186,"f:553:38:553:39":57,"s:554:4:554:Infinity":187,"b:557:2:559:Infinity:undefined:undefined:undefined:undefined":48,"s:557:2:559:Infinity":188,"s:558:4:558:Infinity":189,"s:561:27:561:29":190,"s:563:2:594:Infinity":191,"s:563:15:563:30":192,"s:564:17:564:25":193,"b:566:4:575:Infinity:undefined:undefined:undefined:undefined":49,"s:566:4:575:Infinity":194,"b:567:6:567:33:568:6:568:48:569:6:569:36:570:6:570:32:571:6:571:41:572:6:572:Infinity":50,"s:574:6:574:Infinity":195,"b:577:4:591:Infinity:undefined:undefined:undefined:undefined":51,"s:577:4:591:Infinity":196,"s:578:36:580:7":197,"b:582:6:590:Infinity:undefined:undefined:undefined:undefined":52,"s:582:6:590:Infinity":198,"s:583:27:583:59":199,"b:583:27:583:54:583:58:583:59":53,"s:584:28:586:83":200,"s:588:8:588:Infinity":201,"s:589:8:589:Infinity":202,"s:593:4:593:Infinity":203,"s:596:2:596:Infinity":204,"f:599:9:599:28":58,"b:600:2:602:Infinity:undefined:undefined:undefined:undefined":54,"s:600:2:602:Infinity":205,"s:601:4:601:Infinity":206,"s:604:29:604:65":207,"b:606:2:608:Infinity:undefined:undefined:undefined:undefined":55,"s:606:2:608:Infinity":208,"s:607:4:607:Infinity":209,"s:610:29:610:80":210,"b:610:36:610:66:610:70:610:72":56,"b:612:2:620:Infinity:undefined:undefined:undefined:undefined":57,"s:612:2:620:Infinity":211,"b:613:4:613:23:614:4:614:Infinity":58,"s:616:4:619:Infinity":212,"s:622:2:622:Infinity":213,"f:625:9:625:25":59,"s:626:16:626:128":214,"s:627:27:627:92":215,"s:628:20:629:88":216,"b:628:20:628:117:629:4:629:88":59,"b:631:2:636:Infinity:undefined:undefined:undefined:undefined":60,"s:631:2:636:Infinity":217,"s:632:4:635:Infinity":218,"b:633:16:633:37:633:41:633:43":61,"b:634:19:634:48:634:52:634:54":62,"s:638:2:641:Infinity":219,"f:644:9:644:27":60,"s:645:18:645:37":220,"b:646:2:648:Infinity:undefined:undefined:undefined:undefined":63,"s:646:2:648:Infinity":221,"b:646:6:646:14:646:18:646:42:646:46:646:75":64,"s:647:4:647:Infinity":222,"s:650:33:652:3":223,"b:653:2:655:Infinity:undefined:undefined:undefined:undefined":65,"s:653:2:655:Infinity":224,"s:654:4:654:Infinity":225,"b:657:2:660:Infinity:undefined:undefined:undefined:undefined":66,"s:657:2:660:Infinity":226,"s:658:26:658:64":227,"s:659:4:659:Infinity":228,"s:662:2:662:Infinity":229,"f:665:9:665:26":61,"s:666:24:668:53":230,"f:668:12:668:13":62,"s:668:22:668:52":231,"b:668:22:668:26:668:30:668:52":67,"s:669:21:669:44":232,"s:670:32:670:67":233,"s:671:22:671:50":234,"s:672:34:672:96":235,"s:673:32:675:3":236,"f:673:56:673:57":63,"s:674:4:674:Infinity":237,"s:676:31:678:8":238,"b:677:6:677:Infinity:678:6:678:8":68,"s:679:32:679:83":239,"s:680:27:680:61":240,"b:680:27:680:55:680:59:680:61":69,"s:681:29:683:8":241,"b:682:6:682:Infinity:683:6:683:8":70,"s:684:25:688:8":242,"b:685:6:687:Infinity:688:6:688:8":71,"s:689:25:691:8":243,"b:690:6:690:Infinity:691:6:691:8":72,"s:692:30:756:3":244,"f:693:4:693:5":64,"s:694:31:694:205":245,"b:696:6:707:Infinity:undefined:undefined:undefined:undefined":73,"s:696:6:707:Infinity":246,"b:696:10:696:26:696:30:696:56":74,"s:697:34:697:78":247,"b:699:8:704:Infinity:undefined:undefined:undefined:undefined":75,"s:699:8:704:Infinity":248,"b:700:10:700:27:701:10:701:Infinity":76,"s:703:10:703:Infinity":249,"s:705:8:705:Infinity":250,"s:706:8:706:Infinity":251,"b:709:6:711:Infinity:undefined:undefined:undefined:undefined":77,"s:709:6:711:Infinity":252,"s:710:8:710:Infinity":253,"s:713:33:716:7":254,"b:714:38:714:61:714:65:714:123":78,"s:717:27:717:57":255,"b:719:6:728:Infinity:undefined:undefined:undefined:undefined":79,"s:719:6:728:Infinity":256,"b:720:8:722:Infinity:undefined:undefined:undefined:undefined":80,"s:720:8:722:Infinity":257,"s:721:10:721:Infinity":258,"s:723:8:723:Infinity":259,"s:725:29:725:84":260,"b:726:8:726:Infinity:undefined:undefined:undefined:undefined":81,"s:726:8:726:Infinity":261,"s:726:26:726:Infinity":262,"s:727:8:727:Infinity":263,"s:730:35:732:14":264,"b:731:10:731:Infinity:732:10:732:14":82,"s:733:33:735:14":265,"b:734:10:734:Infinity:735:10:735:14":83,"b:737:6:740:Infinity:undefined:undefined:undefined:undefined":84,"s:737:6:740:Infinity":266,"b:738:8:738:Infinity:undefined:undefined:undefined:undefined":85,"s:738:8:738:Infinity":267,"s:738:35:738:Infinity":268,"s:739:8:739:Infinity":269,"b:742:6:745:Infinity:undefined:undefined:undefined:undefined":86,"s:742:6:745:Infinity":270,"s:743:8:743:Infinity":271,"s:744:8:744:Infinity":272,"b:747:6:750:Infinity:undefined:undefined:undefined:undefined":87,"s:747:6:750:Infinity":273,"s:748:8:748:Infinity":274,"s:749:8:749:Infinity":275,"s:752:6:752:Infinity":276,"s:753:6:753:Infinity":277,"s:757:21:768:5":278,"f:761:9:761:10":65,"s:761:19:761:68":279,"f:763:12:763:13":66,"s:764:6:767:Infinity":280,"b:764:6:764:10:765:6:765:46:766:6:766:39:767:6:767:Infinity":88,"s:769:25:771:8":281,"b:770:6:770:Infinity:771:6:771:8":89,"b:769:25:769:45:769:49:769:Infinity":90,"b:773:2:778:Infinity:undefined:undefined:undefined:undefined":91,"s:773:2:778:Infinity":282,"b:774:4:774:18:775:4:775:Infinity":92,"f:775:21:775:22":67,"s:775:31:775:82":283,"s:777:4:777:Infinity":284,"s:779:21:789:5":285,"f:785:12:785:13":68,"s:786:6:788:Infinity":286,"b:786:6:786:10:787:6:787:28:788:6:788:Infinity":93,"s:791:2:798:Infinity":287,"f:801:9:801:36":69,"s:802:24:804:20":288,"s:805:21:805:44":289,"s:806:32:806:67":290,"s:807:22:808:53":291,"b:807:22:807:89:808:4:808:53":94,"s:809:28:809:94":292,"b:809:28:809:88:809:92:809:94":95,"f:809:47:809:48":70,"s:809:57:809:87":293,"s:810:26:810:102":294,"s:811:16:813:23":295,"b:812:6:812:Infinity:813:6:813:23":96,"s:814:25:816:8":296,"b:815:6:815:Infinity:816:6:816:8":97,"s:817:21:831:20":297,"b:819:18:819:69:819:72:819:74":98,"f:820:28:820:29":71,"s:821:6:826:Infinity":298,"b:821:6:821:40:822:6:822:38:823:6:823:38:824:6:824:36:825:6:825:37:826:6:826:Infinity":99,"s:833:2:843:Infinity":299,"b:838:16:838:32:838:36:838:38":100,"b:839:19:839:50:839:54:839:56":101,"f:846:9:846:33":72,"b:847:2:849:Infinity:undefined:undefined:undefined:undefined":102,"s:847:2:849:Infinity":300,"b:847:6:847:13:847:17:847:45":103,"s:848:4:848:Infinity":301,"s:851:20:851:23":302,"s:852:20:852:23":303,"s:853:18:857:3":304,"s:859:4:863:34":305,"b:859:4:863:5:863:9:863:34":104,"s:864:20:868:3":306,"s:869:22:874:13":307,"f:873:13:873:14":73,"s:873:23:873:53":308,"s:875:22:879:3":309,"s:880:19:884:3":310,"s:885:24:889:3":311,"s:890:26:894:3":312,"s:895:21:901:3":313,"f:898:11:898:12":74,"s:899:4:900:Infinity":314,"b:899:4:899:36:900:4:900:Infinity":105,"s:902:24:908:3":315,"f:905:11:905:12":75,"s:906:4:907:Infinity":316,"b:906:4:906:32:907:4:907:Infinity":106,"s:909:21:914:3":317,"f:912:11:912:12":76,"s:913:4:913:Infinity":318,"s:915:22:921:3":319,"f:918:11:918:12":77,"s:919:4:920:Infinity":320,"b:919:4:919:32:920:4:920:Infinity":107,"s:922:19:922:77":321,"b:922:19:922:71:922:75:922:77":108,"f:922:38:922:39":78,"s:922:48:922:70":322,"s:923:22:925:9":323,"b:923:22:925:3:925:7:925:9":109,"f:923:41:923:42":79,"s:924:4:924:Infinity":324,"s:926:25:928:8":325,"b:927:6:927:Infinity:928:6:928:8":110,"b:926:25:926:33:926:37:926:Infinity":111,"s:929:31:931:20":326,"b:933:2:938:Infinity:undefined:undefined:undefined:undefined":112,"s:933:2:938:Infinity":327,"b:934:4:934:18:935:4:935:Infinity":113,"f:935:31:935:32":80,"s:935:41:935:92":328,"s:937:4:937:Infinity":329,"s:940:32:943:14":330,"s:945:2:960:Infinity":331,"b:954:18:954:38:954:42:954:44":114,"f:963:9:963:25":81,"b:963:57:963:61":115,"s:964:16:967:20":332,"f:966:9:966:10":82,"s:966:19:966:38":333,"b:969:2:969:Infinity:undefined:undefined:undefined:undefined":116,"s:969:2:969:Infinity":334,"f:969:18:969:19":83,"s:969:28:969:52":335,"s:969:55:969:Infinity":336,"b:970:2:970:Infinity:undefined:undefined:undefined:undefined":117,"s:970:2:970:Infinity":337,"f:970:18:970:19":84,"s:970:28:970:79":338,"s:970:82:970:Infinity":339,"s:972:21:972:63":340,"s:973:24:973:74":341,"f:973:40:973:41":85,"s:973:50:973:73":342,"s:974:23:974:72":343,"f:974:39:974:40":86,"s:974:49:974:71":344,"s:975:25:975:78":345,"f:975:41:975:42":87,"s:975:51:975:77":346,"s:976:25:980:25":347,"b:977:6:977:Infinity:978:6:980:25":118,"b:979:8:979:Infinity:980:8:980:25":119,"s:981:27:981:73":348,"s:983:4:986:29":349,"b:983:4:983:43:984:4:984:41:985:4:985:47:986:4:986:29":120,"s:987:23:989:78":350,"b:988:6:988:Infinity:989:6:989:78":121,"s:990:18:993:14":351,"f:991:9:991:10":88,"s:991:19:991:112":352,"f:992:12:992:13":89,"s:992:22:992:82":353,"b:992:22:992:26:992:30:992:47:992:51:992:82":122,"s:995:20:997:13":354,"s:999:22:1001:13":355,"s:1004:4:1005:55":356,"b:1004:4:1004:43:1005:4:1005:55":123,"s:1006:21:1006:57":357,"s:1007:26:1007:91":358,"s:1009:26:1009:116":359,"f:1009:42:1009:43":90,"s:1009:52:1009:115":360,"s:1010:27:1010:82":361,"f:1010:43:1010:44":91,"s:1010:53:1010:81":362,"s:1011:21:1013:8":363,"b:1012:6:1012:Infinity:1013:6:1013:8":124,"b:1012:76:1012:92:1012:95:1012:104":125,"s:1014:23:1014:51":364,"s:1015:23:1017:35":365,"b:1016:6:1016:Infinity:1017:6:1017:35":126,"s:1018:21:1018:44":366,"s:1019:32:1019:66":367,"s:1020:24:1020:50":368,"s:1021:22:1021:46":369,"s:1022:22:1022:46":370,"s:1023:16:1023:34":371,"s:1024:23:1024:91":372,"b:1024:23:1024:85:1024:89:1024:91":127,"s:1025:27:1029:15":373,"b:1025:27:1027:3:1027:8:1029:8:1029:13:1029:15":128,"s:1030:25:1030:83":374,"s:1031:21:1037:37":375,"b:1032:6:1036:Infinity:1037:6:1037:37":129,"s:1038:20:1038:22":376,"s:1039:23:1039:33":377,"s:1040:22:1040:80":378,"b:1040:40:1040:59:1040:63:1040:79":130,"s:1041:27:1043:37":379,"b:1042:6:1042:Infinity:1043:6:1043:37":131,"s:1045:2:1067:Infinity":380,"b:1047:14:1047:34:1047:38:1047:46":132,"b:1048:13:1048:32:1048:36:1048:43":133,"b:1049:15:1049:36:1049:40:1049:49":134,"b:1050:17:1050:40:1050:44:1050:55":135,"b:1051:17:1051:40:1051:44:1051:66":136,"b:1052:14:1052:34:1052:38:1052:57":137,"b:1053:19:1053:44:1053:48:1053:72":138,"b:1054:21:1054:48:1054:52:1054:67":139,"b:1055:18:1055:42:1055:46:1055:51":140,"b:1056:14:1056:34:1056:38:1056:58":141,"b:1057:17:1057:40:1057:44:1057:67":142,"b:1058:22:1058:50:1058:54:1058:65":143,"b:1059:27:1059:60:1059:64:1059:85":144,"b:1060:19:1060:44:1060:48:1060:61":145,"f:1070:9:1070:28":92,"b:1070:54:1070:56":146,"s:1071:2:1075:Infinity":381,"f:1072:9:1072:10":93,"s:1073:6:1073:Infinity":382,"f:1075:12:1075:13":94,"s:1075:20:1075:37":383,"b:1075:20:1075:22:1075:26:1075:37":147,"s:1083:0:1083:Infinity":384,"s:1086:0:1086:Infinity":385,"s:1089:0:1093:2":386,"s:1097:0:1101:Infinity":387,"s:1103:0:1134:Infinity":388,"f:1103:29:1103:34":95,"s:1104:2:1133:Infinity":389,"s:1105:30:1105:38":390,"b:1107:4:1111:Infinity:undefined:undefined:undefined:undefined":148,"s:1107:4:1111:Infinity":391,"b:1107:8:1107:22:1107:26:1107:59":149,"s:1108:6:1110:Infinity":392,"s:1113:21:1115:6":393,"b:1117:4:1121:Infinity:undefined:undefined:undefined:undefined":150,"s:1117:4:1121:Infinity":394,"s:1118:6:1120:Infinity":395,"s:1123:4:1126:Infinity":396,"s:1128:4:1128:Infinity":397,"s:1129:4:1132:Infinity":398,"s:1137:0:1137:Infinity":399,"s:1140:0:1140:Infinity":400,"s:1143:0:1143:Infinity":401,"s:1152:0:1505:2":402,"f:1156:2:1156:7":96,"s:1158:4:1503:5":403,"b:1164:6:1170:7:undefined:undefined:undefined:undefined":151,"s:1164:6:1170:7":404,"s:1166:8:1169:11":405,"s:1172:35:1172:68":406,"b:1174:6:1179:Infinity:undefined:undefined:undefined:undefined":152,"s:1174:6:1179:Infinity":407,"s:1175:8:1178:Infinity":408,"b:1185:6:1189:7:undefined:undefined:undefined:undefined":153,"s:1185:6:1189:7":409,"s:1186:8:1188:10":410,"s:1200:10:1200:53":411,"b:1206:6:1212:7:undefined:undefined:undefined:undefined":154,"s:1206:6:1212:7":412,"s:1208:8:1211:11":413,"s:1218:23:1218:27":414,"s:1219:27:1219:31":415,"s:1220:29:1220:72":416,"b:1222:6:1325:7:undefined:undefined:undefined:undefined":155,"s:1222:6:1325:7":417,"b:1222:10:1222:16:1222:20:1222:46":156,"s:1224:10:1313:12":418,"s:1319:8:1321:39":419,"b:1320:10:1321:30:1321:34:1321:38":157,"s:1323:8:1324:40":420,"s:1327:26:1358:7":421,"b:1360:6:1385:7:1382:13:1385:7":158,"s:1360:6:1385:7":422,"b:1360:10:1360:16:1360:20:1360:46":159,"s:1361:8:1381:9":423,"s:1362:10:1365:14":424,"s:1367:10:1370:12":425,"s:1371:10:1374:12":426,"s:1376:10:1380:13":427,"s:1383:8:1384:56":428,"s:1387:6:1391:Infinity":429,"s:1393:6:1393:Infinity":430,"b:1395:6:1422:Infinity:undefined:undefined:undefined:undefined":160,"s:1395:6:1422:Infinity":431,"s:1396:24:1396:47":432,"b:1396:24:1396:41:1396:45:1396:47":161,"s:1397:8:1421:Infinity":433,"b:1399:20:1399:36:1399:40:1399:42":162,"b:1400:19:1400:34:1400:38:1400:40":163,"b:1401:21:1401:38:1401:42:1401:44":164,"b:1402:18:1402:37:1402:41:1402:43":165,"b:1403:18:1403:37:1403:41:1403:43":166,"b:1404:18:1404:34:1404:38:1404:40":167,"b:1405:25:1405:46:1405:50:1405:52":168,"b:1406:27:1406:50:1406:54:1406:56":169,"b:1407:23:1407:46:1407:50:1407:52":170,"b:1408:17:1408:37:1408:41:1408:43":171,"b:1409:20:1409:36:1409:40:1409:42":172,"b:1410:23:1410:42:1410:46:1410:48":173,"b:1411:28:1411:52:1411:56:1411:58":174,"b:1412:23:1412:44:1412:48:1412:50":175,"b:1413:18:1413:37:1413:41:1413:43":176,"b:1415:14:1415:Infinity:1416:14:1416:16":177,"b:1414:43:1414:67:1414:71:1414:73":178,"s:1428:23:1443:8":434,"b:1435:52:1435:66:1435:69:1435:71":179,"s:1445:6:1455:Infinity":435,"b:1450:50:1450:64:1450:67:1450:69":180,"s:1459:6:1462:8":436,"b:1468:6:1482:Infinity:undefined:undefined:undefined:undefined":181,"s:1468:6:1482:Infinity":437,"b:1469:8:1469:29:1470:8:1471:Infinity":182,"s:1474:8:1481:Infinity":438,"b:1484:6:1488:Infinity:undefined:undefined:undefined:undefined":183,"s:1484:6:1488:Infinity":439,"s:1485:8:1487:Infinity":440,"s:1494:6:1502:9":441,"b:1500:10:1500:24:1501:10:1501:29":184},"fnNames":{}}}
}
