{"C:\\Users\\catal\\Desktop\\Proyecto-tranship\\FRONTEND\\src\\utils\\trackingValidation.js": {"path":"C:\\Users\\catal\\Desktop\\Proyecto-tranship\\FRONTEND\\src\\utils\\trackingValidation.js","statementMap":{"0":{"start":{"line":1,"column":39},"end":{"line":12,"column":2}},"1":{"start":{"line":14,"column":37},"end":{"line":30,"column":2}},"2":{"start":{"line":33,"column":2},"end":{"line":33,"column":null}},"3":{"start":{"line":37,"column":2},"end":{"line":39,"column":null}},"4":{"start":{"line":38,"column":4},"end":{"line":38,"column":null}},"5":{"start":{"line":43,"column":2},"end":{"line":43,"column":null}},"6":{"start":{"line":43,"column":26},"end":{"line":43,"column":77}}},"fnMap":{"0":{"name":"isRequiredFieldMissing","decl":{"start":{"line":32,"column":16},"end":{"line":32,"column":38}},"loc":{"start":{"line":32,"column":68},"end":{"line":34,"column":null}},"line":32},"1":{"name":"hasMissingRequiredFields","decl":{"start":{"line":36,"column":16},"end":{"line":36,"column":40}},"loc":{"start":{"line":36,"column":63},"end":{"line":40,"column":null}},"line":36},"2":{"name":"(anonymous_2)","decl":{"start":{"line":37,"column":34},"end":{"line":37,"column":35}},"loc":{"start":{"line":38,"column":4},"end":{"line":38,"column":null}},"line":38},"3":{"name":"hasMissingRequiredTrampFields","decl":{"start":{"line":42,"column":16},"end":{"line":42,"column":45}},"loc":{"start":{"line":42,"column":51},"end":{"line":44,"column":null}},"line":42},"4":{"name":"(anonymous_4)","decl":{"start":{"line":43,"column":18},"end":{"line":43,"column":19}},"loc":{"start":{"line":43,"column":26},"end":{"line":43,"column":77}},"line":43}},"branchMap":{"0":{"loc":{"start":{"line":33,"column":9},"end":{"line":33,"column":73}},"type":"binary-expr","locations":[{"start":{"line":33,"column":9},"end":{"line":33,"column":34}},{"start":{"line":33,"column":38},"end":{"line":33,"column":73}}],"line":33},"1":{"loc":{"start":{"line":33,"column":46},"end":{"line":33,"column":65}},"type":"binary-expr","locations":[{"start":{"line":33,"column":46},"end":{"line":33,"column":59}},{"start":{"line":33,"column":63},"end":{"line":33,"column":65}}],"line":33}},"s":{"0":1,"1":1,"2":67,"3":6,"4":66,"5":2,"6":3},"f":{"0":67,"1":6,"2":66,"3":2,"4":3},"b":{"0":[67,67],"1":[67,0]},"meta":{"lastBranch":2,"lastFunction":5,"lastStatement":7,"seen":{"s:1:39:12:2":0,"s:14:37:30:2":1,"f:32:16:32:38":0,"s:33:2:33:Infinity":2,"b:33:9:33:34:33:38:33:73":0,"b:33:46:33:59:33:63:33:65":1,"f:36:16:36:40":1,"s:37:2:39:Infinity":3,"f:37:34:37:35":2,"s:38:4:38:Infinity":4,"f:42:16:42:45":3,"s:43:2:43:Infinity":5,"f:43:18:43:19":4,"s:43:26:43:77":6},"fnNames":{}}}
}
